I0926 19:06:25.047672  5954 caffe.cpp:218] Using GPUs 0
I0926 19:06:25.064620  5954 caffe.cpp:223] GPU 0: GeForce GTX 1080 Ti
I0926 19:06:25.423207  5954 solver.cpp:44] Initializing solver from parameters: 
base_lr: 0.001
display: 20
max_iter: 450000
lr_policy: "step"
gamma: 0.1
momentum: 0.9
weight_decay: 0.0005
stepsize: 100000
snapshot: 10000
snapshot_prefix: "/home/hzzone/1tb/CaffeNet Off-the-shelf/Softmax_loss/caffenet_train"
solver_mode: GPU
device_id: 0
net: "./train_val.prototxt"
train_state {
  level: 0
  stage: ""
}
I0926 19:06:25.423440  5954 solver.cpp:87] Creating training net from net file: ./train_val.prototxt
I0926 19:06:25.423974  5954 net.cpp:51] Initializing net from parameters: 
name: "CaffeNet"
state {
  phase: TRAIN
  level: 0
  stage: ""
}
layer {
  name: "data"
  type: "Data"
  top: "data"
  top: "label"
  include {
    phase: TRAIN
  }
  transform_param {
    mirror: true
    crop_size: 227
  }
  data_param {
    source: "/home/hzzone/1tb/data/train_lmdb"
    batch_size: 128
    backend: LMDB
  }
}
layer {
  name: "conv1"
  type: "Convolution"
  bottom: "data"
  top: "conv1"
  param {
    lr_mult: 1
    decay_mult: 1
  }
  param {
    lr_mult: 2
    decay_mult: 0
  }
  convolution_param {
    num_output: 96
    kernel_size: 11
    stride: 4
    weight_filler {
      type: "gaussian"
      std: 0.01
    }
    bias_filler {
      type: "constant"
      value: 0
    }
  }
}
layer {
  name: "relu1"
  type: "ReLU"
  bottom: "conv1"
  top: "conv1"
}
layer {
  name: "pool1"
  type: "Pooling"
  bottom: "conv1"
  top: "pool1"
  pooling_param {
    pool: MAX
    kernel_size: 3
    stride: 2
  }
}
layer {
  name: "norm1"
  type: "LRN"
  bottom: "pool1"
  top: "norm1"
  lrn_param {
    local_size: 5
    alpha: 0.0001
    beta: 0.75
  }
}
layer {
  name: "conv2"
  type: "Convolution"
  bottom: "norm1"
  top: "conv2"
  param {
    lr_mult: 1
    decay_mult: 1
  }
  param {
    lr_mult: 2
    decay_mult: 0
  }
  convolution_param {
    num_output: 256
    pad: 2
    kernel_size: 5
    group: 2
    weight_filler {
      type: "gaussian"
      std: 0.01
    }
    bias_filler {
      type: "constant"
      value: 1
    }
  }
}
layer {
  name: "relu2"
  type: "ReLU"
  bottom: "conv2"
  top: "conv2"
}
layer {
  name: "pool2"
  type: "Pooling"
  bottom: "conv2"
  top: "pool2"
  pooling_param {
    pool: MAX
    kernel_size: 3
    stride: 2
  }
}
layer {
  name: "norm2"
  type: "LRN"
  bottom: "pool2"
  top: "norm2"
  lrn_param {
    local_size: 5
    alpha: 0.0001
    beta: 0.75
  }
}
layer {
  name: "conv3"
  type: "Convolution"
  bottom: "norm2"
  top: "conv3"
  param {
    lr_mult: 1
    decay_mult: 1
  }
  param {
    lr_mult: 2
    decay_mult: 0
  }
  convolution_param {
    num_output: 384
    pad: 1
    kernel_size: 3
    weight_filler {
      type: "gaussian"
      std: 0.01
    }
    bias_filler {
      type: "constant"
      value: 0
    }
  }
}
layer {
  name: "relu3"
  type: "ReLU"
  bottom: "conv3"
  top: "conv3"
}
layer {
  name: "conv4"
  type: "Convolution"
  bottom: "conv3"
  top: "conv4"
  param {
    lr_mult: 1
    decay_mult: 1
  }
  param {
    lr_mult: 2
    decay_mult: 0
  }
  convolution_param {
    num_output: 384
    pad: 1
    kernel_size: 3
    group: 2
    weight_filler {
      type: "gaussian"
      std: 0.01
    }
    bias_filler {
      type: "constant"
      value: 1
    }
  }
}
layer {
  name: "relu4"
  type: "ReLU"
  bottom: "conv4"
  top: "conv4"
}
layer {
  name: "conv5"
  type: "Convolution"
  bottom: "conv4"
  top: "conv5"
  param {
    lr_mult: 1
    decay_mult: 1
  }
  param {
    lr_mult: 2
    decay_mult: 0
  }
  convolution_param {
    num_output: 256
    pad: 1
    kernel_size: 3
    group: 2
    weight_filler {
      type: "gaussian"
      std: 0.01
    }
    bias_filler {
      type: "constant"
      value: 1
    }
  }
}
layer {
  name: "relu5"
  type: "ReLU"
  bottom: "conv5"
  top: "conv5"
}
layer {
  name: "pool5"
  type: "Pooling"
  bottom: "conv5"
  top: "pool5"
  pooling_param {
    pool: MAX
    kernel_size: 3
    stride: 2
  }
}
layer {
  name: "fc6"
  type: "InnerProduct"
  bottom: "pool5"
  top: "fc6"
  param {
    lr_mult: 1
    decay_mult: 1
  }
  param {
    lr_mult: 2
    decay_mult: 0
  }
  inner_product_param {
    num_output: 4096
    weight_filler {
      type: "gaussian"
      std: 0.005
    }
    bias_filler {
      type: "constant"
      value: 1
    }
  }
}
layer {
  name: "relu6"
  type: "ReLU"
  bottom: "fc6"
  top: "fc6"
}
layer {
  name: "drop6"
  type: "Dropout"
  bottom: "fc6"
  top: "fc6"
  dropout_param {
    dropout_ratio: 0.5
  }
}
layer {
  name: "fc7"
  type: "InnerProduct"
  bottom: "fc6"
  top: "fc7"
  param {
    lr_mult: 1
    decay_mult: 1
  }
  param {
    lr_mult: 2
    decay_mult: 0
  }
  inner_product_param {
    num_output: 4096
    weight_filler {
      type: "gaussian"
      std: 0.005
    }
    bias_filler {
      type: "constant"
      value: 1
    }
  }
}
layer {
  name: "relu7"
  type: "ReLU"
  bottom: "fc7"
  top: "fc7"
}
layer {
  name: "drop7"
  type: "Dropout"
  bottom: "fc7"
  top: "fc7"
  dropout_param {
    dropout_ratio: 0.5
  }
}
layer {
  name: "fc8"
  type: "InnerProduct"
  bottom: "fc7"
  top: "fc8"
  param {
    lr_mult: 1
    decay_mult: 1
  }
  param {
    lr_mult: 2
    decay_mult: 0
  }
  inner_product_param {
    num_output: 10572
    weight_filler {
      type: "gaussian"
      std: 0.01
    }
    bias_filler {
      type: "constant"
      value: 0
    }
  }
}
layer {
  name: "loss"
  type: "SoftmaxWithLoss"
  bottom: "fc8"
  bottom: "label"
  top: "loss"
}
I0926 19:06:25.424096  5954 layer_factory.hpp:77] Creating layer data
I0926 19:06:25.424212  5954 db_lmdb.cpp:35] Opened lmdb /home/hzzone/1tb/data/train_lmdb
I0926 19:06:25.424275  5954 net.cpp:84] Creating Layer data
I0926 19:06:25.424288  5954 net.cpp:380] data -> data
I0926 19:06:25.424317  5954 net.cpp:380] data -> label
I0926 19:06:25.425952  5954 data_layer.cpp:45] output data size: 128,3,227,227
I0926 19:06:25.692399  5954 net.cpp:122] Setting up data
I0926 19:06:25.692466  5954 net.cpp:129] Top shape: 128 3 227 227 (19787136)
I0926 19:06:25.692477  5954 net.cpp:129] Top shape: 128 (128)
I0926 19:06:25.692484  5954 net.cpp:137] Memory required for data: 79149056
I0926 19:06:25.692502  5954 layer_factory.hpp:77] Creating layer conv1
I0926 19:06:25.692543  5954 net.cpp:84] Creating Layer conv1
I0926 19:06:25.692555  5954 net.cpp:406] conv1 <- data
I0926 19:06:25.692576  5954 net.cpp:380] conv1 -> conv1
I0926 19:06:26.132796  5954 net.cpp:122] Setting up conv1
I0926 19:06:26.132859  5954 net.cpp:129] Top shape: 128 96 55 55 (37171200)
I0926 19:06:26.132870  5954 net.cpp:137] Memory required for data: 227833856
I0926 19:06:26.132913  5954 layer_factory.hpp:77] Creating layer relu1
I0926 19:06:26.132936  5954 net.cpp:84] Creating Layer relu1
I0926 19:06:26.132946  5954 net.cpp:406] relu1 <- conv1
I0926 19:06:26.132956  5954 net.cpp:367] relu1 -> conv1 (in-place)
I0926 19:06:26.133229  5954 net.cpp:122] Setting up relu1
I0926 19:06:26.133240  5954 net.cpp:129] Top shape: 128 96 55 55 (37171200)
I0926 19:06:26.133247  5954 net.cpp:137] Memory required for data: 376518656
I0926 19:06:26.133253  5954 layer_factory.hpp:77] Creating layer pool1
I0926 19:06:26.133265  5954 net.cpp:84] Creating Layer pool1
I0926 19:06:26.133270  5954 net.cpp:406] pool1 <- conv1
I0926 19:06:26.133280  5954 net.cpp:380] pool1 -> pool1
I0926 19:06:26.133344  5954 net.cpp:122] Setting up pool1
I0926 19:06:26.133355  5954 net.cpp:129] Top shape: 128 96 27 27 (8957952)
I0926 19:06:26.133363  5954 net.cpp:137] Memory required for data: 412350464
I0926 19:06:26.133368  5954 layer_factory.hpp:77] Creating layer norm1
I0926 19:06:26.133383  5954 net.cpp:84] Creating Layer norm1
I0926 19:06:26.133389  5954 net.cpp:406] norm1 <- pool1
I0926 19:06:26.133399  5954 net.cpp:380] norm1 -> norm1
I0926 19:06:26.133623  5954 net.cpp:122] Setting up norm1
I0926 19:06:26.133635  5954 net.cpp:129] Top shape: 128 96 27 27 (8957952)
I0926 19:06:26.133641  5954 net.cpp:137] Memory required for data: 448182272
I0926 19:06:26.133647  5954 layer_factory.hpp:77] Creating layer conv2
I0926 19:06:26.133663  5954 net.cpp:84] Creating Layer conv2
I0926 19:06:26.133684  5954 net.cpp:406] conv2 <- norm1
I0926 19:06:26.133704  5954 net.cpp:380] conv2 -> conv2
I0926 19:06:26.143437  5954 net.cpp:122] Setting up conv2
I0926 19:06:26.143507  5954 net.cpp:129] Top shape: 128 256 27 27 (23887872)
I0926 19:06:26.143514  5954 net.cpp:137] Memory required for data: 543733760
I0926 19:06:26.143539  5954 layer_factory.hpp:77] Creating layer relu2
I0926 19:06:26.143556  5954 net.cpp:84] Creating Layer relu2
I0926 19:06:26.143564  5954 net.cpp:406] relu2 <- conv2
I0926 19:06:26.143579  5954 net.cpp:367] relu2 -> conv2 (in-place)
I0926 19:06:26.143857  5954 net.cpp:122] Setting up relu2
I0926 19:06:26.143869  5954 net.cpp:129] Top shape: 128 256 27 27 (23887872)
I0926 19:06:26.143877  5954 net.cpp:137] Memory required for data: 639285248
I0926 19:06:26.143882  5954 layer_factory.hpp:77] Creating layer pool2
I0926 19:06:26.143893  5954 net.cpp:84] Creating Layer pool2
I0926 19:06:26.143898  5954 net.cpp:406] pool2 <- conv2
I0926 19:06:26.143908  5954 net.cpp:380] pool2 -> pool2
I0926 19:06:26.143968  5954 net.cpp:122] Setting up pool2
I0926 19:06:26.143980  5954 net.cpp:129] Top shape: 128 256 13 13 (5537792)
I0926 19:06:26.143987  5954 net.cpp:137] Memory required for data: 661436416
I0926 19:06:26.143993  5954 layer_factory.hpp:77] Creating layer norm2
I0926 19:06:26.144007  5954 net.cpp:84] Creating Layer norm2
I0926 19:06:26.144014  5954 net.cpp:406] norm2 <- pool2
I0926 19:06:26.144022  5954 net.cpp:380] norm2 -> norm2
I0926 19:06:26.144726  5954 net.cpp:122] Setting up norm2
I0926 19:06:26.144740  5954 net.cpp:129] Top shape: 128 256 13 13 (5537792)
I0926 19:06:26.144747  5954 net.cpp:137] Memory required for data: 683587584
I0926 19:06:26.144753  5954 layer_factory.hpp:77] Creating layer conv3
I0926 19:06:26.144770  5954 net.cpp:84] Creating Layer conv3
I0926 19:06:26.144778  5954 net.cpp:406] conv3 <- norm2
I0926 19:06:26.144789  5954 net.cpp:380] conv3 -> conv3
I0926 19:06:26.158501  5954 net.cpp:122] Setting up conv3
I0926 19:06:26.158556  5954 net.cpp:129] Top shape: 128 384 13 13 (8306688)
I0926 19:06:26.158563  5954 net.cpp:137] Memory required for data: 716814336
I0926 19:06:26.158586  5954 layer_factory.hpp:77] Creating layer relu3
I0926 19:06:26.158603  5954 net.cpp:84] Creating Layer relu3
I0926 19:06:26.158612  5954 net.cpp:406] relu3 <- conv3
I0926 19:06:26.158623  5954 net.cpp:367] relu3 -> conv3 (in-place)
I0926 19:06:26.160796  5954 net.cpp:122] Setting up relu3
I0926 19:06:26.160940  5954 net.cpp:129] Top shape: 128 384 13 13 (8306688)
I0926 19:06:26.160982  5954 net.cpp:137] Memory required for data: 750041088
I0926 19:06:26.161026  5954 layer_factory.hpp:77] Creating layer conv4
I0926 19:06:26.161088  5954 net.cpp:84] Creating Layer conv4
I0926 19:06:26.161130  5954 net.cpp:406] conv4 <- conv3
I0926 19:06:26.161186  5954 net.cpp:380] conv4 -> conv4
I0926 19:06:26.176278  5954 net.cpp:122] Setting up conv4
I0926 19:06:26.176339  5954 net.cpp:129] Top shape: 128 384 13 13 (8306688)
I0926 19:06:26.176352  5954 net.cpp:137] Memory required for data: 783267840
I0926 19:06:26.176373  5954 layer_factory.hpp:77] Creating layer relu4
I0926 19:06:26.176396  5954 net.cpp:84] Creating Layer relu4
I0926 19:06:26.176409  5954 net.cpp:406] relu4 <- conv4
I0926 19:06:26.176426  5954 net.cpp:367] relu4 -> conv4 (in-place)
I0926 19:06:26.177093  5954 net.cpp:122] Setting up relu4
I0926 19:06:26.177109  5954 net.cpp:129] Top shape: 128 384 13 13 (8306688)
I0926 19:06:26.177115  5954 net.cpp:137] Memory required for data: 816494592
I0926 19:06:26.177121  5954 layer_factory.hpp:77] Creating layer conv5
I0926 19:06:26.177139  5954 net.cpp:84] Creating Layer conv5
I0926 19:06:26.177145  5954 net.cpp:406] conv5 <- conv4
I0926 19:06:26.177157  5954 net.cpp:380] conv5 -> conv5
I0926 19:06:26.187244  5954 net.cpp:122] Setting up conv5
I0926 19:06:26.187305  5954 net.cpp:129] Top shape: 128 256 13 13 (5537792)
I0926 19:06:26.187314  5954 net.cpp:137] Memory required for data: 838645760
I0926 19:06:26.187343  5954 layer_factory.hpp:77] Creating layer relu5
I0926 19:06:26.187361  5954 net.cpp:84] Creating Layer relu5
I0926 19:06:26.187398  5954 net.cpp:406] relu5 <- conv5
I0926 19:06:26.187412  5954 net.cpp:367] relu5 -> conv5 (in-place)
I0926 19:06:26.187737  5954 net.cpp:122] Setting up relu5
I0926 19:06:26.187757  5954 net.cpp:129] Top shape: 128 256 13 13 (5537792)
I0926 19:06:26.187763  5954 net.cpp:137] Memory required for data: 860796928
I0926 19:06:26.187770  5954 layer_factory.hpp:77] Creating layer pool5
I0926 19:06:26.187784  5954 net.cpp:84] Creating Layer pool5
I0926 19:06:26.187793  5954 net.cpp:406] pool5 <- conv5
I0926 19:06:26.187803  5954 net.cpp:380] pool5 -> pool5
I0926 19:06:26.187880  5954 net.cpp:122] Setting up pool5
I0926 19:06:26.187891  5954 net.cpp:129] Top shape: 128 256 6 6 (1179648)
I0926 19:06:26.187897  5954 net.cpp:137] Memory required for data: 865515520
I0926 19:06:26.187904  5954 layer_factory.hpp:77] Creating layer fc6
I0926 19:06:26.187923  5954 net.cpp:84] Creating Layer fc6
I0926 19:06:26.187932  5954 net.cpp:406] fc6 <- pool5
I0926 19:06:26.187944  5954 net.cpp:380] fc6 -> fc6
I0926 19:06:26.688344  5954 net.cpp:122] Setting up fc6
I0926 19:06:26.688422  5954 net.cpp:129] Top shape: 128 4096 (524288)
I0926 19:06:26.688431  5954 net.cpp:137] Memory required for data: 867612672
I0926 19:06:26.688452  5954 layer_factory.hpp:77] Creating layer relu6
I0926 19:06:26.688469  5954 net.cpp:84] Creating Layer relu6
I0926 19:06:26.688479  5954 net.cpp:406] relu6 <- fc6
I0926 19:06:26.688493  5954 net.cpp:367] relu6 -> fc6 (in-place)
I0926 19:06:26.688802  5954 net.cpp:122] Setting up relu6
I0926 19:06:26.688817  5954 net.cpp:129] Top shape: 128 4096 (524288)
I0926 19:06:26.688823  5954 net.cpp:137] Memory required for data: 869709824
I0926 19:06:26.688830  5954 layer_factory.hpp:77] Creating layer drop6
I0926 19:06:26.688844  5954 net.cpp:84] Creating Layer drop6
I0926 19:06:26.688853  5954 net.cpp:406] drop6 <- fc6
I0926 19:06:26.688861  5954 net.cpp:367] drop6 -> fc6 (in-place)
I0926 19:06:26.688892  5954 net.cpp:122] Setting up drop6
I0926 19:06:26.688902  5954 net.cpp:129] Top shape: 128 4096 (524288)
I0926 19:06:26.688910  5954 net.cpp:137] Memory required for data: 871806976
I0926 19:06:26.688915  5954 layer_factory.hpp:77] Creating layer fc7
I0926 19:06:26.688927  5954 net.cpp:84] Creating Layer fc7
I0926 19:06:26.688936  5954 net.cpp:406] fc7 <- fc6
I0926 19:06:26.688952  5954 net.cpp:380] fc7 -> fc7
I0926 19:06:26.912739  5954 net.cpp:122] Setting up fc7
I0926 19:06:26.912811  5954 net.cpp:129] Top shape: 128 4096 (524288)
I0926 19:06:26.912820  5954 net.cpp:137] Memory required for data: 873904128
I0926 19:06:26.912838  5954 layer_factory.hpp:77] Creating layer relu7
I0926 19:06:26.912858  5954 net.cpp:84] Creating Layer relu7
I0926 19:06:26.912866  5954 net.cpp:406] relu7 <- fc7
I0926 19:06:26.912879  5954 net.cpp:367] relu7 -> fc7 (in-place)
I0926 19:06:26.913174  5954 net.cpp:122] Setting up relu7
I0926 19:06:26.913185  5954 net.cpp:129] Top shape: 128 4096 (524288)
I0926 19:06:26.913192  5954 net.cpp:137] Memory required for data: 876001280
I0926 19:06:26.913198  5954 layer_factory.hpp:77] Creating layer drop7
I0926 19:06:26.913208  5954 net.cpp:84] Creating Layer drop7
I0926 19:06:26.913214  5954 net.cpp:406] drop7 <- fc7
I0926 19:06:26.913224  5954 net.cpp:367] drop7 -> fc7 (in-place)
I0926 19:06:26.913246  5954 net.cpp:122] Setting up drop7
I0926 19:06:26.913255  5954 net.cpp:129] Top shape: 128 4096 (524288)
I0926 19:06:26.913262  5954 net.cpp:137] Memory required for data: 878098432
I0926 19:06:26.913269  5954 layer_factory.hpp:77] Creating layer fc8
I0926 19:06:26.913282  5954 net.cpp:84] Creating Layer fc8
I0926 19:06:26.913290  5954 net.cpp:406] fc8 <- fc7
I0926 19:06:26.913300  5954 net.cpp:380] fc8 -> fc8
I0926 19:06:27.518970  5954 net.cpp:122] Setting up fc8
I0926 19:06:27.519053  5954 net.cpp:129] Top shape: 128 10572 (1353216)
I0926 19:06:27.519073  5954 net.cpp:137] Memory required for data: 883511296
I0926 19:06:27.519096  5954 layer_factory.hpp:77] Creating layer loss
I0926 19:06:27.519119  5954 net.cpp:84] Creating Layer loss
I0926 19:06:27.519155  5954 net.cpp:406] loss <- fc8
I0926 19:06:27.519453  5954 net.cpp:406] loss <- label
I0926 19:06:27.519466  5954 net.cpp:380] loss -> loss
I0926 19:06:27.519490  5954 layer_factory.hpp:77] Creating layer loss
I0926 19:06:27.527276  5954 net.cpp:122] Setting up loss
I0926 19:06:27.527359  5954 net.cpp:129] Top shape: (1)
I0926 19:06:27.527367  5954 net.cpp:132]     with loss weight 1
I0926 19:06:27.527411  5954 net.cpp:137] Memory required for data: 883511300
I0926 19:06:27.527423  5954 net.cpp:198] loss needs backward computation.
I0926 19:06:27.527438  5954 net.cpp:198] fc8 needs backward computation.
I0926 19:06:27.527446  5954 net.cpp:198] drop7 needs backward computation.
I0926 19:06:27.527453  5954 net.cpp:198] relu7 needs backward computation.
I0926 19:06:27.527460  5954 net.cpp:198] fc7 needs backward computation.
I0926 19:06:27.527467  5954 net.cpp:198] drop6 needs backward computation.
I0926 19:06:27.527474  5954 net.cpp:198] relu6 needs backward computation.
I0926 19:06:27.527482  5954 net.cpp:198] fc6 needs backward computation.
I0926 19:06:27.527488  5954 net.cpp:198] pool5 needs backward computation.
I0926 19:06:27.527496  5954 net.cpp:198] relu5 needs backward computation.
I0926 19:06:27.527503  5954 net.cpp:198] conv5 needs backward computation.
I0926 19:06:27.527510  5954 net.cpp:198] relu4 needs backward computation.
I0926 19:06:27.527518  5954 net.cpp:198] conv4 needs backward computation.
I0926 19:06:27.527524  5954 net.cpp:198] relu3 needs backward computation.
I0926 19:06:27.527531  5954 net.cpp:198] conv3 needs backward computation.
I0926 19:06:27.527539  5954 net.cpp:198] norm2 needs backward computation.
I0926 19:06:27.527546  5954 net.cpp:198] pool2 needs backward computation.
I0926 19:06:27.527554  5954 net.cpp:198] relu2 needs backward computation.
I0926 19:06:27.527560  5954 net.cpp:198] conv2 needs backward computation.
I0926 19:06:27.527567  5954 net.cpp:198] norm1 needs backward computation.
I0926 19:06:27.527575  5954 net.cpp:198] pool1 needs backward computation.
I0926 19:06:27.527582  5954 net.cpp:198] relu1 needs backward computation.
I0926 19:06:27.527588  5954 net.cpp:198] conv1 needs backward computation.
I0926 19:06:27.527596  5954 net.cpp:200] data does not need backward computation.
I0926 19:06:27.527603  5954 net.cpp:242] This network produces output loss
I0926 19:06:27.527632  5954 net.cpp:255] Network initialization done.
I0926 19:06:27.527730  5954 solver.cpp:56] Solver scaffolding done.
I0926 19:06:27.528493  5954 caffe.cpp:248] Starting Optimization
I0926 19:06:27.528503  5954 solver.cpp:272] Solving CaffeNet
I0926 19:06:27.528509  5954 solver.cpp:273] Learning Rate Policy: step
I0926 19:06:27.655591  5954 solver.cpp:218] Iteration 0 (0 iter/s, 0.126936s/20 iters), loss = 9.58307
I0926 19:06:27.655699  5954 solver.cpp:237]     Train net output #0: loss = 9.58307 (* 1 = 9.58307 loss)
I0926 19:06:27.655740  5954 sgd_solver.cpp:105] Iteration 0, lr = 0.001
I0926 19:06:27.984490  5954 blocking_queue.cpp:49] Waiting for data
I0926 19:06:59.063282  5954 solver.cpp:218] Iteration 20 (0.636788 iter/s, 31.4076s/20 iters), loss = 6.14493
I0926 19:06:59.063423  5954 solver.cpp:237]     Train net output #0: loss = 6.14493 (* 1 = 6.14493 loss)
I0926 19:06:59.063441  5954 sgd_solver.cpp:105] Iteration 20, lr = 0.001
I0926 19:07:33.844733  5954 solver.cpp:218] Iteration 40 (0.57502 iter/s, 34.7814s/20 iters), loss = 9.22568
I0926 19:07:33.851058  5954 solver.cpp:237]     Train net output #0: loss = 9.22568 (* 1 = 9.22568 loss)
I0926 19:07:33.851191  5954 sgd_solver.cpp:105] Iteration 40, lr = 0.001
I0926 19:07:59.250959  5954 solver.cpp:218] Iteration 60 (0.787402 iter/s, 25.4s/20 iters), loss = 9.59619
I0926 19:07:59.251065  5954 solver.cpp:237]     Train net output #0: loss = 9.59619 (* 1 = 9.59619 loss)
I0926 19:07:59.251082  5954 sgd_solver.cpp:105] Iteration 60, lr = 0.001
I0926 19:08:46.115970  5954 solver.cpp:218] Iteration 80 (0.426758 iter/s, 46.865s/20 iters), loss = 9.29067
I0926 19:08:46.122587  5954 solver.cpp:237]     Train net output #0: loss = 9.29067 (* 1 = 9.29067 loss)
I0926 19:08:46.122653  5954 sgd_solver.cpp:105] Iteration 80, lr = 0.001
I0926 19:09:31.352674  5954 solver.cpp:218] Iteration 100 (0.442184 iter/s, 45.2301s/20 iters), loss = 9.55253
I0926 19:09:31.352926  5954 solver.cpp:237]     Train net output #0: loss = 9.55253 (* 1 = 9.55253 loss)
I0926 19:09:31.352941  5954 sgd_solver.cpp:105] Iteration 100, lr = 0.001
I0926 19:10:14.514745  5954 solver.cpp:218] Iteration 120 (0.463396 iter/s, 43.1596s/20 iters), loss = 9.27408
I0926 19:10:14.514852  5954 solver.cpp:237]     Train net output #0: loss = 9.27408 (* 1 = 9.27408 loss)
I0926 19:10:14.514865  5954 sgd_solver.cpp:105] Iteration 120, lr = 0.001
I0926 19:10:52.572983  5954 solver.cpp:218] Iteration 140 (0.525514 iter/s, 38.058s/20 iters), loss = 9.24716
I0926 19:10:52.579735  5954 solver.cpp:237]     Train net output #0: loss = 9.24716 (* 1 = 9.24716 loss)
I0926 19:10:52.579785  5954 sgd_solver.cpp:105] Iteration 140, lr = 0.001
I0926 19:11:36.391425  5954 solver.cpp:218] Iteration 160 (0.456498 iter/s, 43.8118s/20 iters), loss = 9.13073
I0926 19:11:36.391568  5954 solver.cpp:237]     Train net output #0: loss = 9.13073 (* 1 = 9.13073 loss)
I0926 19:11:36.391583  5954 sgd_solver.cpp:105] Iteration 160, lr = 0.001
I0926 19:12:17.437533  5954 solver.cpp:218] Iteration 180 (0.487258 iter/s, 41.0461s/20 iters), loss = 9.12897
I0926 19:12:17.439605  5954 solver.cpp:237]     Train net output #0: loss = 9.12897 (* 1 = 9.12897 loss)
I0926 19:12:17.439636  5954 sgd_solver.cpp:105] Iteration 180, lr = 0.001
I0926 19:13:05.160657  5954 solver.cpp:218] Iteration 200 (0.419101 iter/s, 47.7212s/20 iters), loss = 9.26281
I0926 19:13:05.160780  5954 solver.cpp:237]     Train net output #0: loss = 9.26281 (* 1 = 9.26281 loss)
I0926 19:13:05.160794  5954 sgd_solver.cpp:105] Iteration 200, lr = 0.001
I0926 19:13:47.001307  5954 solver.cpp:218] Iteration 220 (0.478004 iter/s, 41.8406s/20 iters), loss = 9.15549
I0926 19:13:47.007637  5954 solver.cpp:237]     Train net output #0: loss = 9.15549 (* 1 = 9.15549 loss)
I0926 19:13:47.007688  5954 sgd_solver.cpp:105] Iteration 220, lr = 0.001
I0926 19:14:32.630972  5954 solver.cpp:218] Iteration 240 (0.438371 iter/s, 45.6235s/20 iters), loss = 9.26432
I0926 19:14:32.631103  5954 solver.cpp:237]     Train net output #0: loss = 9.26432 (* 1 = 9.26432 loss)
I0926 19:14:32.631116  5954 sgd_solver.cpp:105] Iteration 240, lr = 0.001
I0926 19:15:13.938732  5954 solver.cpp:218] Iteration 260 (0.484171 iter/s, 41.3077s/20 iters), loss = 9.28555
I0926 19:15:13.944908  5954 solver.cpp:237]     Train net output #0: loss = 9.28555 (* 1 = 9.28555 loss)
I0926 19:15:13.944947  5954 sgd_solver.cpp:105] Iteration 260, lr = 0.001
I0926 19:15:57.018962  5954 solver.cpp:218] Iteration 280 (0.464343 iter/s, 43.0717s/20 iters), loss = 9.16585
I0926 19:15:57.019093  5954 solver.cpp:237]     Train net output #0: loss = 9.16585 (* 1 = 9.16585 loss)
I0926 19:15:57.019106  5954 sgd_solver.cpp:105] Iteration 280, lr = 0.001
I0926 19:16:39.782452  5954 solver.cpp:218] Iteration 300 (0.467729 iter/s, 42.7598s/20 iters), loss = 9.34791
I0926 19:16:39.784585  5954 solver.cpp:237]     Train net output #0: loss = 9.34791 (* 1 = 9.34791 loss)
I0926 19:16:39.784611  5954 sgd_solver.cpp:105] Iteration 300, lr = 0.001
I0926 19:17:24.006453  5954 solver.cpp:218] Iteration 320 (0.452299 iter/s, 44.2186s/20 iters), loss = 9.09949
I0926 19:17:24.006590  5954 solver.cpp:237]     Train net output #0: loss = 9.09949 (* 1 = 9.09949 loss)
I0926 19:17:24.006603  5954 sgd_solver.cpp:105] Iteration 320, lr = 0.001
I0926 19:18:02.985671  5954 solver.cpp:218] Iteration 340 (0.513132 iter/s, 38.9763s/20 iters), loss = 9.4258
I0926 19:18:02.985816  5954 solver.cpp:237]     Train net output #0: loss = 9.4258 (* 1 = 9.4258 loss)
I0926 19:18:02.985831  5954 sgd_solver.cpp:105] Iteration 340, lr = 0.001
I0926 19:18:42.752285  5954 solver.cpp:218] Iteration 360 (0.50297 iter/s, 39.7638s/20 iters), loss = 9.12737
I0926 19:18:42.752475  5954 solver.cpp:237]     Train net output #0: loss = 9.12737 (* 1 = 9.12737 loss)
I0926 19:18:42.752488  5954 sgd_solver.cpp:105] Iteration 360, lr = 0.001
I0926 19:19:27.237512  5954 solver.cpp:218] Iteration 380 (0.449617 iter/s, 44.4823s/20 iters), loss = 9.35489
I0926 19:19:27.237640  5954 solver.cpp:237]     Train net output #0: loss = 9.35489 (* 1 = 9.35489 loss)
I0926 19:19:27.237653  5954 sgd_solver.cpp:105] Iteration 380, lr = 0.001
I0926 19:20:12.014408  5954 solver.cpp:218] Iteration 400 (0.446692 iter/s, 44.7735s/20 iters), loss = 9.25742
I0926 19:20:12.015750  5954 solver.cpp:237]     Train net output #0: loss = 9.25742 (* 1 = 9.25742 loss)
I0926 19:20:12.015775  5954 sgd_solver.cpp:105] Iteration 400, lr = 0.001
I0926 19:20:53.269120  5954 solver.cpp:218] Iteration 420 (0.484834 iter/s, 41.2512s/20 iters), loss = 9.22405
I0926 19:20:53.269678  5954 solver.cpp:237]     Train net output #0: loss = 9.22405 (* 1 = 9.22405 loss)
I0926 19:20:53.269702  5954 sgd_solver.cpp:105] Iteration 420, lr = 0.001
I0926 19:21:34.880645  5954 solver.cpp:218] Iteration 440 (0.480666 iter/s, 41.6089s/20 iters), loss = 9.34742
I0926 19:21:34.882119  5954 solver.cpp:237]     Train net output #0: loss = 9.34742 (* 1 = 9.34742 loss)
I0926 19:21:34.882135  5954 sgd_solver.cpp:105] Iteration 440, lr = 0.001
I0926 19:22:14.956388  5954 solver.cpp:218] Iteration 460 (0.499096 iter/s, 40.0724s/20 iters), loss = 9.31757
I0926 19:22:14.956516  5954 solver.cpp:237]     Train net output #0: loss = 9.31757 (* 1 = 9.31757 loss)
I0926 19:22:14.956529  5954 sgd_solver.cpp:105] Iteration 460, lr = 0.001
I0926 19:22:59.992808  5954 solver.cpp:218] Iteration 480 (0.444106 iter/s, 45.0343s/20 iters), loss = 9.40903
I0926 19:22:59.993000  5954 solver.cpp:237]     Train net output #0: loss = 9.40903 (* 1 = 9.40903 loss)
I0926 19:22:59.993015  5954 sgd_solver.cpp:105] Iteration 480, lr = 0.001
I0926 19:23:41.386977  5954 solver.cpp:218] Iteration 500 (0.483182 iter/s, 41.3923s/20 iters), loss = 9.28365
I0926 19:23:41.387104  5954 solver.cpp:237]     Train net output #0: loss = 9.28365 (* 1 = 9.28365 loss)
I0926 19:23:41.387115  5954 sgd_solver.cpp:105] Iteration 500, lr = 0.001
I0926 19:24:21.137718  5954 solver.cpp:218] Iteration 520 (0.503156 iter/s, 39.7491s/20 iters), loss = 9.34712
I0926 19:24:21.137854  5954 solver.cpp:237]     Train net output #0: loss = 9.34712 (* 1 = 9.34712 loss)
I0926 19:24:21.137867  5954 sgd_solver.cpp:105] Iteration 520, lr = 0.001
I0926 19:25:07.866858  5954 solver.cpp:218] Iteration 540 (0.428015 iter/s, 46.7273s/20 iters), loss = 9.30138
I0926 19:25:07.866997  5954 solver.cpp:237]     Train net output #0: loss = 9.30138 (* 1 = 9.30138 loss)
I0926 19:25:07.867012  5954 sgd_solver.cpp:105] Iteration 540, lr = 0.001
I0926 19:25:52.243227  5954 solver.cpp:218] Iteration 560 (0.450712 iter/s, 44.3742s/20 iters), loss = 9.20728
I0926 19:25:52.243377  5954 solver.cpp:237]     Train net output #0: loss = 9.20728 (* 1 = 9.20728 loss)
I0926 19:25:52.243393  5954 sgd_solver.cpp:105] Iteration 560, lr = 0.001
I0926 19:26:38.555328  5954 solver.cpp:218] Iteration 580 (0.431867 iter/s, 46.3105s/20 iters), loss = 8.90615
I0926 19:26:38.556090  5954 solver.cpp:237]     Train net output #0: loss = 8.90615 (* 1 = 8.90615 loss)
I0926 19:26:38.556115  5954 sgd_solver.cpp:105] Iteration 580, lr = 0.001
I0926 19:27:19.968864  5954 solver.cpp:218] Iteration 600 (0.482957 iter/s, 41.4116s/20 iters), loss = 9.26588
I0926 19:27:19.969033  5954 solver.cpp:237]     Train net output #0: loss = 9.26588 (* 1 = 9.26588 loss)
I0926 19:27:19.969045  5954 sgd_solver.cpp:105] Iteration 600, lr = 0.001
I0926 19:28:02.421439  5954 solver.cpp:218] Iteration 620 (0.471129 iter/s, 42.4512s/20 iters), loss = 9.27253
I0926 19:28:02.421650  5954 solver.cpp:237]     Train net output #0: loss = 9.27253 (* 1 = 9.27253 loss)
I0926 19:28:02.421664  5954 sgd_solver.cpp:105] Iteration 620, lr = 0.001
I0926 19:28:49.403396  5954 solver.cpp:218] Iteration 640 (0.425708 iter/s, 46.9805s/20 iters), loss = 9.37795
I0926 19:28:49.403556  5954 solver.cpp:237]     Train net output #0: loss = 9.37795 (* 1 = 9.37795 loss)
I0926 19:28:49.403578  5954 sgd_solver.cpp:105] Iteration 640, lr = 0.001
I0926 19:29:31.136221  5954 solver.cpp:218] Iteration 660 (0.479252 iter/s, 41.7317s/20 iters), loss = 9.15373
I0926 19:29:31.136385  5954 solver.cpp:237]     Train net output #0: loss = 9.15373 (* 1 = 9.15373 loss)
I0926 19:29:31.136399  5954 sgd_solver.cpp:105] Iteration 660, lr = 0.001
I0926 19:30:18.358675  5954 solver.cpp:218] Iteration 680 (0.423539 iter/s, 47.2212s/20 iters), loss = 9.22559
I0926 19:30:18.358837  5954 solver.cpp:237]     Train net output #0: loss = 9.22559 (* 1 = 9.22559 loss)
I0926 19:30:18.358855  5954 sgd_solver.cpp:105] Iteration 680, lr = 0.001
I0926 19:30:58.726256  5954 solver.cpp:218] Iteration 700 (0.49546 iter/s, 40.3665s/20 iters), loss = 9.07909
I0926 19:30:58.732345  5954 solver.cpp:237]     Train net output #0: loss = 9.07909 (* 1 = 9.07909 loss)
I0926 19:30:58.732393  5954 sgd_solver.cpp:105] Iteration 700, lr = 0.001
I0926 19:31:38.540674  5954 solver.cpp:218] Iteration 720 (0.502417 iter/s, 39.8075s/20 iters), loss = 9.01533
I0926 19:31:38.541214  5954 solver.cpp:237]     Train net output #0: loss = 9.01533 (* 1 = 9.01533 loss)
I0926 19:31:38.541239  5954 sgd_solver.cpp:105] Iteration 720, lr = 0.001
I0926 19:32:22.954346  5954 solver.cpp:218] Iteration 740 (0.450326 iter/s, 44.4123s/20 iters), loss = 9.20441
I0926 19:32:22.954488  5954 solver.cpp:237]     Train net output #0: loss = 9.20441 (* 1 = 9.20441 loss)
I0926 19:32:22.954502  5954 sgd_solver.cpp:105] Iteration 740, lr = 0.001
I0926 19:33:05.540887  5954 solver.cpp:218] Iteration 760 (0.469642 iter/s, 42.5856s/20 iters), loss = 9.27555
I0926 19:33:05.541487  5954 solver.cpp:237]     Train net output #0: loss = 9.27555 (* 1 = 9.27555 loss)
I0926 19:33:05.541512  5954 sgd_solver.cpp:105] Iteration 760, lr = 0.001
I0926 19:33:46.482026  5954 solver.cpp:218] Iteration 780 (0.488522 iter/s, 40.9398s/20 iters), loss = 9.27135
I0926 19:33:46.482165  5954 solver.cpp:237]     Train net output #0: loss = 9.27135 (* 1 = 9.27135 loss)
I0926 19:33:46.482179  5954 sgd_solver.cpp:105] Iteration 780, lr = 0.001
I0926 19:34:27.325644  5954 solver.cpp:218] Iteration 800 (0.489683 iter/s, 40.8428s/20 iters), loss = 9.2085
I0926 19:34:27.325781  5954 solver.cpp:237]     Train net output #0: loss = 9.2085 (* 1 = 9.2085 loss)
I0926 19:34:27.325798  5954 sgd_solver.cpp:105] Iteration 800, lr = 0.001
I0926 19:35:11.738286  5954 solver.cpp:218] Iteration 820 (0.450331 iter/s, 44.4118s/20 iters), loss = 9.36405
I0926 19:35:11.738454  5954 solver.cpp:237]     Train net output #0: loss = 9.36405 (* 1 = 9.36405 loss)
I0926 19:35:11.738471  5954 sgd_solver.cpp:105] Iteration 820, lr = 0.001
I0926 19:35:53.764699  5954 solver.cpp:218] Iteration 840 (0.475901 iter/s, 42.0256s/20 iters), loss = 9.26312
I0926 19:35:53.766683  5954 solver.cpp:237]     Train net output #0: loss = 9.26312 (* 1 = 9.26312 loss)
I0926 19:35:53.766710  5954 sgd_solver.cpp:105] Iteration 840, lr = 0.001
I0926 19:36:38.063443  5954 solver.cpp:218] Iteration 860 (0.451507 iter/s, 44.2961s/20 iters), loss = 9.3869
I0926 19:36:38.063587  5954 solver.cpp:237]     Train net output #0: loss = 9.3869 (* 1 = 9.3869 loss)
I0926 19:36:38.063601  5954 sgd_solver.cpp:105] Iteration 860, lr = 0.001
I0926 19:37:17.031612  5954 solver.cpp:218] Iteration 880 (0.513276 iter/s, 38.9654s/20 iters), loss = 9.22277
I0926 19:37:17.037783  5954 solver.cpp:237]     Train net output #0: loss = 9.22277 (* 1 = 9.22277 loss)
I0926 19:37:17.037832  5954 sgd_solver.cpp:105] Iteration 880, lr = 0.001
I0926 19:37:57.802775  5954 solver.cpp:218] Iteration 900 (0.490624 iter/s, 40.7644s/20 iters), loss = 9.35022
I0926 19:37:57.802945  5954 solver.cpp:237]     Train net output #0: loss = 9.35022 (* 1 = 9.35022 loss)
I0926 19:37:57.802970  5954 sgd_solver.cpp:105] Iteration 900, lr = 0.001
I0926 19:38:37.992600  5954 solver.cpp:218] Iteration 920 (0.497647 iter/s, 40.1891s/20 iters), loss = 9.23253
I0926 19:38:37.992734  5954 solver.cpp:237]     Train net output #0: loss = 9.23253 (* 1 = 9.23253 loss)
I0926 19:38:37.992748  5954 sgd_solver.cpp:105] Iteration 920, lr = 0.001
I0926 19:39:22.942224  5954 solver.cpp:218] Iteration 940 (0.44495 iter/s, 44.9489s/20 iters), loss = 9.35153
I0926 19:39:22.942404  5954 solver.cpp:237]     Train net output #0: loss = 9.35153 (* 1 = 9.35153 loss)
I0926 19:39:22.942418  5954 sgd_solver.cpp:105] Iteration 940, lr = 0.001
I0926 19:40:03.905822  5954 solver.cpp:218] Iteration 960 (0.488271 iter/s, 40.9608s/20 iters), loss = 9.28568
I0926 19:40:03.905987  5954 solver.cpp:237]     Train net output #0: loss = 9.28568 (* 1 = 9.28568 loss)
I0926 19:40:03.906003  5954 sgd_solver.cpp:105] Iteration 960, lr = 0.001
I0926 19:40:50.059911  5954 solver.cpp:218] Iteration 980 (0.433338 iter/s, 46.1534s/20 iters), loss = 9.31205
I0926 19:40:50.060063  5954 solver.cpp:237]     Train net output #0: loss = 9.31205 (* 1 = 9.31205 loss)
I0926 19:40:50.060081  5954 sgd_solver.cpp:105] Iteration 980, lr = 0.001
I0926 19:41:31.649499  5954 solver.cpp:218] Iteration 1000 (0.480897 iter/s, 41.589s/20 iters), loss = 9.33293
I0926 19:41:31.649631  5954 solver.cpp:237]     Train net output #0: loss = 9.33293 (* 1 = 9.33293 loss)
I0926 19:41:31.649644  5954 sgd_solver.cpp:105] Iteration 1000, lr = 0.001
I0926 19:41:40.401068  5954 blocking_queue.cpp:49] Waiting for data
I0926 19:42:11.585557  5954 solver.cpp:218] Iteration 1020 (0.500808 iter/s, 39.9354s/20 iters), loss = 9.3261
I0926 19:42:11.591681  5954 solver.cpp:237]     Train net output #0: loss = 9.3261 (* 1 = 9.3261 loss)
I0926 19:42:11.591737  5954 sgd_solver.cpp:105] Iteration 1020, lr = 0.001
I0926 19:42:50.877437  5954 solver.cpp:218] Iteration 1040 (0.509096 iter/s, 39.2853s/20 iters), loss = 9.22859
I0926 19:42:50.883548  5954 solver.cpp:237]     Train net output #0: loss = 9.22859 (* 1 = 9.22859 loss)
I0926 19:42:50.883602  5954 sgd_solver.cpp:105] Iteration 1040, lr = 0.001
I0926 19:43:31.427263  5954 solver.cpp:218] Iteration 1060 (0.4933 iter/s, 40.5433s/20 iters), loss = 9.31756
I0926 19:43:31.437641  5954 solver.cpp:237]     Train net output #0: loss = 9.31756 (* 1 = 9.31756 loss)
I0926 19:43:31.437711  5954 sgd_solver.cpp:105] Iteration 1060, lr = 0.001
I0926 19:44:13.455845  5954 solver.cpp:218] Iteration 1080 (0.476009 iter/s, 42.016s/20 iters), loss = 9.28933
I0926 19:44:13.455981  5954 solver.cpp:237]     Train net output #0: loss = 9.28933 (* 1 = 9.28933 loss)
I0926 19:44:13.455993  5954 sgd_solver.cpp:105] Iteration 1080, lr = 0.001
I0926 19:44:56.418310  5954 solver.cpp:218] Iteration 1100 (0.465552 iter/s, 42.9598s/20 iters), loss = 9.17431
I0926 19:44:56.418442  5954 solver.cpp:237]     Train net output #0: loss = 9.17431 (* 1 = 9.17431 loss)
I0926 19:44:56.418454  5954 sgd_solver.cpp:105] Iteration 1100, lr = 0.001
I0926 19:45:42.147840  5954 solver.cpp:218] Iteration 1120 (0.43736 iter/s, 45.7289s/20 iters), loss = 9.32251
I0926 19:45:42.147972  5954 solver.cpp:237]     Train net output #0: loss = 9.32251 (* 1 = 9.32251 loss)
I0926 19:45:42.147986  5954 sgd_solver.cpp:105] Iteration 1120, lr = 0.001
I0926 19:46:20.426331  5954 solver.cpp:218] Iteration 1140 (0.522494 iter/s, 38.278s/20 iters), loss = 9.33294
I0926 19:46:20.426455  5954 solver.cpp:237]     Train net output #0: loss = 9.33294 (* 1 = 9.33294 loss)
I0926 19:46:20.426468  5954 sgd_solver.cpp:105] Iteration 1140, lr = 0.001
I0926 19:47:03.028794  5954 solver.cpp:218] Iteration 1160 (0.469462 iter/s, 42.6019s/20 iters), loss = 9.25144
I0926 19:47:03.028924  5954 solver.cpp:237]     Train net output #0: loss = 9.25144 (* 1 = 9.25144 loss)
I0926 19:47:03.028939  5954 sgd_solver.cpp:105] Iteration 1160, lr = 0.001
I0926 19:47:49.931349  5954 solver.cpp:218] Iteration 1180 (0.426421 iter/s, 46.902s/20 iters), loss = 9.27357
I0926 19:47:49.931488  5954 solver.cpp:237]     Train net output #0: loss = 9.27357 (* 1 = 9.27357 loss)
I0926 19:47:49.931501  5954 sgd_solver.cpp:105] Iteration 1180, lr = 0.001
I0926 19:48:30.394067  5954 solver.cpp:218] Iteration 1200 (0.494315 iter/s, 40.4601s/20 iters), loss = 9.11558
I0926 19:48:30.394261  5954 solver.cpp:237]     Train net output #0: loss = 9.11558 (* 1 = 9.11558 loss)
I0926 19:48:30.394280  5954 sgd_solver.cpp:105] Iteration 1200, lr = 0.001
I0926 19:49:09.848047  5954 solver.cpp:218] Iteration 1220 (0.506953 iter/s, 39.4514s/20 iters), loss = 9.28342
I0926 19:49:09.848284  5954 solver.cpp:237]     Train net output #0: loss = 9.28342 (* 1 = 9.28342 loss)
I0926 19:49:09.848299  5954 sgd_solver.cpp:105] Iteration 1220, lr = 0.001
I0926 19:49:48.775789  5954 solver.cpp:218] Iteration 1240 (0.513795 iter/s, 38.926s/20 iters), loss = 9.27008
I0926 19:49:48.776757  5954 solver.cpp:237]     Train net output #0: loss = 9.27008 (* 1 = 9.27008 loss)
I0926 19:49:48.776782  5954 sgd_solver.cpp:105] Iteration 1240, lr = 0.001
I0926 19:50:29.429194  5954 solver.cpp:218] Iteration 1260 (0.492028 iter/s, 40.6481s/20 iters), loss = 9.21158
I0926 19:50:29.429324  5954 solver.cpp:237]     Train net output #0: loss = 9.21158 (* 1 = 9.21158 loss)
I0926 19:50:29.429337  5954 sgd_solver.cpp:105] Iteration 1260, lr = 0.001
I0926 19:51:11.405292  5954 solver.cpp:218] Iteration 1280 (0.476512 iter/s, 41.9717s/20 iters), loss = 9.31425
I0926 19:51:11.405433  5954 solver.cpp:237]     Train net output #0: loss = 9.31425 (* 1 = 9.31425 loss)
I0926 19:51:11.405447  5954 sgd_solver.cpp:105] Iteration 1280, lr = 0.001
I0926 19:51:53.302253  5954 solver.cpp:218] Iteration 1300 (0.477409 iter/s, 41.8928s/20 iters), loss = 9.01152
I0926 19:51:53.302681  5954 solver.cpp:237]     Train net output #0: loss = 9.01152 (* 1 = 9.01152 loss)
I0926 19:51:53.302695  5954 sgd_solver.cpp:105] Iteration 1300, lr = 0.001
I0926 19:52:32.871526  5954 solver.cpp:218] Iteration 1320 (0.505494 iter/s, 39.5653s/20 iters), loss = 9.34211
I0926 19:52:32.871659  5954 solver.cpp:237]     Train net output #0: loss = 9.34211 (* 1 = 9.34211 loss)
I0926 19:52:32.871673  5954 sgd_solver.cpp:105] Iteration 1320, lr = 0.001
I0926 19:53:13.057068  5954 solver.cpp:218] Iteration 1340 (0.497761 iter/s, 40.1799s/20 iters), loss = 9.32336
I0926 19:53:13.057240  5954 solver.cpp:237]     Train net output #0: loss = 9.32336 (* 1 = 9.32336 loss)
I0926 19:53:13.057262  5954 sgd_solver.cpp:105] Iteration 1340, lr = 0.001
I0926 19:53:53.899575  5954 solver.cpp:218] Iteration 1360 (0.489727 iter/s, 40.839s/20 iters), loss = 9.2298
I0926 19:53:53.899761  5954 solver.cpp:237]     Train net output #0: loss = 9.2298 (* 1 = 9.2298 loss)
I0926 19:53:53.899778  5954 sgd_solver.cpp:105] Iteration 1360, lr = 0.001
I0926 19:54:33.452586  5954 solver.cpp:218] Iteration 1380 (0.505691 iter/s, 39.5498s/20 iters), loss = 9.25873
I0926 19:54:33.452920  5954 solver.cpp:237]     Train net output #0: loss = 9.25873 (* 1 = 9.25873 loss)
I0926 19:54:33.452946  5954 sgd_solver.cpp:105] Iteration 1380, lr = 0.001
I0926 19:55:17.443502  5954 solver.cpp:218] Iteration 1400 (0.454675 iter/s, 43.9875s/20 iters), loss = 9.38463
I0926 19:55:17.449522  5954 solver.cpp:237]     Train net output #0: loss = 9.38463 (* 1 = 9.38463 loss)
I0926 19:55:17.449537  5954 sgd_solver.cpp:105] Iteration 1400, lr = 0.001
I0926 19:56:00.189317  5954 solver.cpp:218] Iteration 1420 (0.46798 iter/s, 42.7369s/20 iters), loss = 9.37047
I0926 19:56:00.189544  5954 solver.cpp:237]     Train net output #0: loss = 9.37047 (* 1 = 9.37047 loss)
I0926 19:56:00.189568  5954 sgd_solver.cpp:105] Iteration 1420, lr = 0.001
I0926 19:56:43.518597  5954 solver.cpp:218] Iteration 1440 (0.461614 iter/s, 43.3263s/20 iters), loss = 9.21726
I0926 19:56:43.518729  5954 solver.cpp:237]     Train net output #0: loss = 9.21726 (* 1 = 9.21726 loss)
I0926 19:56:43.518743  5954 sgd_solver.cpp:105] Iteration 1440, lr = 0.001
I0926 19:57:22.846500  5954 solver.cpp:218] Iteration 1460 (0.508578 iter/s, 39.3253s/20 iters), loss = 9.25303
I0926 19:57:22.846669  5954 solver.cpp:237]     Train net output #0: loss = 9.25303 (* 1 = 9.25303 loss)
I0926 19:57:22.846686  5954 sgd_solver.cpp:105] Iteration 1460, lr = 0.001
I0926 19:58:04.836012  5954 solver.cpp:218] Iteration 1480 (0.476339 iter/s, 41.9869s/20 iters), loss = 7.3462
I0926 19:58:04.836182  5954 solver.cpp:237]     Train net output #0: loss = 7.3462 (* 1 = 7.3462 loss)
I0926 19:58:04.836200  5954 sgd_solver.cpp:105] Iteration 1480, lr = 0.001
I0926 19:58:49.132591  5954 solver.cpp:218] Iteration 1500 (0.451529 iter/s, 44.2939s/20 iters), loss = 9.27331
I0926 19:58:49.132756  5954 solver.cpp:237]     Train net output #0: loss = 9.27331 (* 1 = 9.27331 loss)
I0926 19:58:49.132769  5954 sgd_solver.cpp:105] Iteration 1500, lr = 0.001
I0926 19:59:28.186130  5954 solver.cpp:218] Iteration 1520 (0.512147 iter/s, 39.0513s/20 iters), loss = 9.20168
I0926 19:59:28.186246  5954 solver.cpp:237]     Train net output #0: loss = 9.20168 (* 1 = 9.20168 loss)
I0926 19:59:28.186260  5954 sgd_solver.cpp:105] Iteration 1520, lr = 0.001
I0926 20:00:10.676199  5954 solver.cpp:218] Iteration 1540 (0.470724 iter/s, 42.4878s/20 iters), loss = 9.20891
I0926 20:00:10.676334  5954 solver.cpp:237]     Train net output #0: loss = 9.20891 (* 1 = 9.20891 loss)
I0926 20:00:10.676349  5954 sgd_solver.cpp:105] Iteration 1540, lr = 0.001
I0926 20:00:47.863029  5954 solver.cpp:218] Iteration 1560 (0.537884 iter/s, 37.1828s/20 iters), loss = 9.24794
I0926 20:00:47.863175  5954 solver.cpp:237]     Train net output #0: loss = 9.24794 (* 1 = 9.24794 loss)
I0926 20:00:47.863190  5954 sgd_solver.cpp:105] Iteration 1560, lr = 0.001
I0926 20:01:30.125916  5954 solver.cpp:218] Iteration 1580 (0.473253 iter/s, 42.2607s/20 iters), loss = 9.14502
I0926 20:01:30.132488  5954 solver.cpp:237]     Train net output #0: loss = 9.14502 (* 1 = 9.14502 loss)
I0926 20:01:30.132570  5954 sgd_solver.cpp:105] Iteration 1580, lr = 0.001
I0926 20:02:14.258060  5954 solver.cpp:218] Iteration 1600 (0.453272 iter/s, 44.1236s/20 iters), loss = 9.23997
I0926 20:02:14.258431  5954 solver.cpp:237]     Train net output #0: loss = 9.23997 (* 1 = 9.23997 loss)
I0926 20:02:14.258445  5954 sgd_solver.cpp:105] Iteration 1600, lr = 0.001
I0926 20:02:54.858053  5954 solver.cpp:218] Iteration 1620 (0.492637 iter/s, 40.5978s/20 iters), loss = 8.51073
I0926 20:02:54.858189  5954 solver.cpp:237]     Train net output #0: loss = 8.51073 (* 1 = 8.51073 loss)
I0926 20:02:54.858202  5954 sgd_solver.cpp:105] Iteration 1620, lr = 0.001
I0926 20:03:41.985502  5954 solver.cpp:218] Iteration 1640 (0.4244 iter/s, 47.1253s/20 iters), loss = 9.50826
I0926 20:03:41.985678  5954 solver.cpp:237]     Train net output #0: loss = 9.50826 (* 1 = 9.50826 loss)
I0926 20:03:41.985695  5954 sgd_solver.cpp:105] Iteration 1640, lr = 0.001
I0926 20:04:20.914796  5954 solver.cpp:218] Iteration 1660 (0.513775 iter/s, 38.9275s/20 iters), loss = 9.24936
I0926 20:04:20.914938  5954 solver.cpp:237]     Train net output #0: loss = 9.24936 (* 1 = 9.24936 loss)
I0926 20:04:20.914952  5954 sgd_solver.cpp:105] Iteration 1660, lr = 0.001
I0926 20:05:00.288712  5954 solver.cpp:218] Iteration 1680 (0.507973 iter/s, 39.3722s/20 iters), loss = 9.27807
I0926 20:05:00.294875  5954 solver.cpp:237]     Train net output #0: loss = 9.27807 (* 1 = 9.27807 loss)
I0926 20:05:00.294927  5954 sgd_solver.cpp:105] Iteration 1680, lr = 0.001
I0926 20:05:39.233853  5954 solver.cpp:218] Iteration 1700 (0.513644 iter/s, 38.9375s/20 iters), loss = 9.29427
I0926 20:05:39.233986  5954 solver.cpp:237]     Train net output #0: loss = 9.29427 (* 1 = 9.29427 loss)
I0926 20:05:39.233999  5954 sgd_solver.cpp:105] Iteration 1700, lr = 0.001
I0926 20:06:23.462352  5954 solver.cpp:218] Iteration 1720 (0.452219 iter/s, 44.2263s/20 iters), loss = 9.24897
I0926 20:06:23.462498  5954 solver.cpp:237]     Train net output #0: loss = 9.24897 (* 1 = 9.24897 loss)
I0926 20:06:23.462512  5954 sgd_solver.cpp:105] Iteration 1720, lr = 0.001
I0926 20:07:07.697265  5954 solver.cpp:218] Iteration 1740 (0.452149 iter/s, 44.2332s/20 iters), loss = 9.29667
I0926 20:07:07.703605  5954 solver.cpp:237]     Train net output #0: loss = 9.29667 (* 1 = 9.29667 loss)
I0926 20:07:07.703660  5954 sgd_solver.cpp:105] Iteration 1740, lr = 0.001
I0926 20:07:51.501355  5954 solver.cpp:218] Iteration 1760 (0.45666 iter/s, 43.7962s/20 iters), loss = 9.3062
I0926 20:07:51.501556  5954 solver.cpp:237]     Train net output #0: loss = 9.3062 (* 1 = 9.3062 loss)
I0926 20:07:51.501571  5954 sgd_solver.cpp:105] Iteration 1760, lr = 0.001
I0926 20:08:31.640146  5954 solver.cpp:218] Iteration 1780 (0.498292 iter/s, 40.1371s/20 iters), loss = 9.23593
I0926 20:08:31.640332  5954 solver.cpp:237]     Train net output #0: loss = 9.23593 (* 1 = 9.23593 loss)
I0926 20:08:31.640347  5954 sgd_solver.cpp:105] Iteration 1780, lr = 0.001
I0926 20:09:12.271178  5954 solver.cpp:218] Iteration 1800 (0.492254 iter/s, 40.6295s/20 iters), loss = 9.27432
I0926 20:09:12.271318  5954 solver.cpp:237]     Train net output #0: loss = 9.27432 (* 1 = 9.27432 loss)
I0926 20:09:12.271332  5954 sgd_solver.cpp:105] Iteration 1800, lr = 0.001
I0926 20:09:56.787474  5954 solver.cpp:218] Iteration 1820 (0.44929 iter/s, 44.5147s/20 iters), loss = 9.32324
I0926 20:09:56.787645  5954 solver.cpp:237]     Train net output #0: loss = 9.32324 (* 1 = 9.32324 loss)
I0926 20:09:56.787660  5954 sgd_solver.cpp:105] Iteration 1820, lr = 0.001
I0926 20:10:41.585515  5954 solver.cpp:218] Iteration 1840 (0.446485 iter/s, 44.7944s/20 iters), loss = 9.25714
I0926 20:10:41.585717  5954 solver.cpp:237]     Train net output #0: loss = 9.25714 (* 1 = 9.25714 loss)
I0926 20:10:41.585731  5954 sgd_solver.cpp:105] Iteration 1840, lr = 0.001
I0926 20:11:22.597643  5954 solver.cpp:218] Iteration 1860 (0.487679 iter/s, 41.0106s/20 iters), loss = 9.1649
I0926 20:11:22.597791  5954 solver.cpp:237]     Train net output #0: loss = 9.1649 (* 1 = 9.1649 loss)
I0926 20:11:22.597805  5954 sgd_solver.cpp:105] Iteration 1860, lr = 0.001
I0926 20:12:03.837079  5954 solver.cpp:218] Iteration 1880 (0.48499 iter/s, 41.238s/20 iters), loss = 9.37491
I0926 20:12:03.837430  5954 solver.cpp:237]     Train net output #0: loss = 9.37491 (* 1 = 9.37491 loss)
I0926 20:12:03.837445  5954 sgd_solver.cpp:105] Iteration 1880, lr = 0.001
I0926 20:12:50.963943  5954 solver.cpp:218] Iteration 1900 (0.424403 iter/s, 47.1251s/20 iters), loss = 9.36485
I0926 20:12:50.964305  5954 solver.cpp:237]     Train net output #0: loss = 9.36485 (* 1 = 9.36485 loss)
I0926 20:12:50.964320  5954 sgd_solver.cpp:105] Iteration 1900, lr = 0.001
I0926 20:13:30.205327  5954 solver.cpp:218] Iteration 1920 (0.509687 iter/s, 39.2398s/20 iters), loss = 9.35064
I0926 20:13:30.205443  5954 solver.cpp:237]     Train net output #0: loss = 9.35064 (* 1 = 9.35064 loss)
I0926 20:13:30.205457  5954 sgd_solver.cpp:105] Iteration 1920, lr = 0.001
I0926 20:14:11.351392  5954 solver.cpp:218] Iteration 1940 (0.486089 iter/s, 41.1447s/20 iters), loss = 9.28938
I0926 20:14:11.351672  5954 solver.cpp:237]     Train net output #0: loss = 9.28938 (* 1 = 9.28938 loss)
I0926 20:14:11.351696  5954 sgd_solver.cpp:105] Iteration 1940, lr = 0.001
I0926 20:14:56.132099  5954 solver.cpp:218] Iteration 1960 (0.446637 iter/s, 44.7791s/20 iters), loss = 9.29246
I0926 20:14:56.138470  5954 solver.cpp:237]     Train net output #0: loss = 9.29246 (* 1 = 9.29246 loss)
I0926 20:14:56.138530  5954 sgd_solver.cpp:105] Iteration 1960, lr = 0.001
I0926 20:15:37.432476  5954 solver.cpp:218] Iteration 1980 (0.484345 iter/s, 41.2928s/20 iters), loss = 9.24729
I0926 20:15:37.432632  5954 solver.cpp:237]     Train net output #0: loss = 9.24729 (* 1 = 9.24729 loss)
I0926 20:15:37.432646  5954 sgd_solver.cpp:105] Iteration 1980, lr = 0.001
I0926 20:16:22.477490  5954 solver.cpp:218] Iteration 2000 (0.444015 iter/s, 45.0436s/20 iters), loss = 9.22298
I0926 20:16:22.478384  5954 solver.cpp:237]     Train net output #0: loss = 9.22298 (* 1 = 9.22298 loss)
I0926 20:16:22.478399  5954 sgd_solver.cpp:105] Iteration 2000, lr = 0.001
I0926 20:16:30.480530  5954 blocking_queue.cpp:49] Waiting for data
I0926 20:17:03.621953  5954 solver.cpp:218] Iteration 2020 (0.486116 iter/s, 41.1424s/20 iters), loss = 9.26523
I0926 20:17:03.622053  5954 solver.cpp:237]     Train net output #0: loss = 9.26523 (* 1 = 9.26523 loss)
I0926 20:17:03.622067  5954 sgd_solver.cpp:105] Iteration 2020, lr = 0.001
I0926 20:17:46.131340  5954 solver.cpp:218] Iteration 2040 (0.470499 iter/s, 42.5081s/20 iters), loss = 9.27094
I0926 20:17:46.137368  5954 solver.cpp:237]     Train net output #0: loss = 9.27094 (* 1 = 9.27094 loss)
I0926 20:17:46.137383  5954 sgd_solver.cpp:105] Iteration 2040, lr = 0.001
I0926 20:18:29.711565  5954 solver.cpp:218] Iteration 2060 (0.459 iter/s, 43.573s/20 iters), loss = 9.27006
I0926 20:18:29.711727  5954 solver.cpp:237]     Train net output #0: loss = 9.27006 (* 1 = 9.27006 loss)
I0926 20:18:29.711743  5954 sgd_solver.cpp:105] Iteration 2060, lr = 0.001
I0926 20:19:12.713807  5954 solver.cpp:218] Iteration 2080 (0.465107 iter/s, 43.0009s/20 iters), loss = 9.2698
I0926 20:19:12.713945  5954 solver.cpp:237]     Train net output #0: loss = 9.2698 (* 1 = 9.2698 loss)
I0926 20:19:12.713959  5954 sgd_solver.cpp:105] Iteration 2080, lr = 0.001
I0926 20:19:58.414582  5954 solver.cpp:218] Iteration 2100 (0.437642 iter/s, 45.6994s/20 iters), loss = 9.26999
I0926 20:19:58.414713  5954 solver.cpp:237]     Train net output #0: loss = 9.26999 (* 1 = 9.26999 loss)
I0926 20:19:58.414727  5954 sgd_solver.cpp:105] Iteration 2100, lr = 0.001
I0926 20:20:38.997898  5954 solver.cpp:218] Iteration 2120 (0.492828 iter/s, 40.5821s/20 iters), loss = 9.26976
I0926 20:20:38.998031  5954 solver.cpp:237]     Train net output #0: loss = 9.26976 (* 1 = 9.26976 loss)
I0926 20:20:38.998045  5954 sgd_solver.cpp:105] Iteration 2120, lr = 0.001
I0926 20:21:18.331487  5954 solver.cpp:218] Iteration 2140 (0.508487 iter/s, 39.3324s/20 iters), loss = 9.266
I0926 20:21:18.331645  5954 solver.cpp:237]     Train net output #0: loss = 9.266 (* 1 = 9.266 loss)
I0926 20:21:18.331660  5954 sgd_solver.cpp:105] Iteration 2140, lr = 0.001
I0926 20:21:59.640992  5954 solver.cpp:218] Iteration 2160 (0.484165 iter/s, 41.3083s/20 iters), loss = 9.27001
I0926 20:21:59.642017  5954 solver.cpp:237]     Train net output #0: loss = 9.27001 (* 1 = 9.27001 loss)
I0926 20:21:59.642046  5954 sgd_solver.cpp:105] Iteration 2160, lr = 0.001
I0926 20:22:37.530818  5954 solver.cpp:218] Iteration 2180 (0.527874 iter/s, 37.8878s/20 iters), loss = 9.27057
I0926 20:22:37.531363  5954 solver.cpp:237]     Train net output #0: loss = 9.27057 (* 1 = 9.27057 loss)
I0926 20:22:37.531388  5954 sgd_solver.cpp:105] Iteration 2180, lr = 0.001
I0926 20:23:20.067682  5954 solver.cpp:218] Iteration 2200 (0.470199 iter/s, 42.5352s/20 iters), loss = 9.26947
I0926 20:23:20.070647  5954 solver.cpp:237]     Train net output #0: loss = 9.26947 (* 1 = 9.26947 loss)
I0926 20:23:20.070677  5954 sgd_solver.cpp:105] Iteration 2200, lr = 0.001
I0926 20:23:59.053669  5954 solver.cpp:218] Iteration 2220 (0.513056 iter/s, 38.9821s/20 iters), loss = 9.28148
I0926 20:23:59.053839  5954 solver.cpp:237]     Train net output #0: loss = 9.28148 (* 1 = 9.28148 loss)
I0926 20:23:59.053858  5954 sgd_solver.cpp:105] Iteration 2220, lr = 0.001
I0926 20:24:41.481827  5954 solver.cpp:218] Iteration 2240 (0.471398 iter/s, 42.427s/20 iters), loss = 9.21081
I0926 20:24:41.482003  5954 solver.cpp:237]     Train net output #0: loss = 9.21081 (* 1 = 9.21081 loss)
I0926 20:24:41.482020  5954 sgd_solver.cpp:105] Iteration 2240, lr = 0.001
I0926 20:25:23.623957  5954 solver.cpp:218] Iteration 2260 (0.474597 iter/s, 42.141s/20 iters), loss = 9.27754
I0926 20:25:23.624125  5954 solver.cpp:237]     Train net output #0: loss = 9.27754 (* 1 = 9.27754 loss)
I0926 20:25:23.624142  5954 sgd_solver.cpp:105] Iteration 2260, lr = 0.001
I0926 20:26:06.944290  5954 solver.cpp:218] Iteration 2280 (0.461689 iter/s, 43.3192s/20 iters), loss = 9.26867
I0926 20:26:06.944411  5954 solver.cpp:237]     Train net output #0: loss = 9.26867 (* 1 = 9.26867 loss)
I0926 20:26:06.944425  5954 sgd_solver.cpp:105] Iteration 2280, lr = 0.001
I0926 20:26:48.712604  5954 solver.cpp:218] Iteration 2300 (0.478844 iter/s, 41.7672s/20 iters), loss = 9.27829
I0926 20:26:48.712759  5954 solver.cpp:237]     Train net output #0: loss = 9.27829 (* 1 = 9.27829 loss)
I0926 20:26:48.712772  5954 sgd_solver.cpp:105] Iteration 2300, lr = 0.001
I0926 20:27:32.124059  5954 solver.cpp:218] Iteration 2320 (0.46072 iter/s, 43.4103s/20 iters), loss = 9.26442
I0926 20:27:32.124189  5954 solver.cpp:237]     Train net output #0: loss = 9.26442 (* 1 = 9.26442 loss)
I0926 20:27:32.124202  5954 sgd_solver.cpp:105] Iteration 2320, lr = 0.001
I0926 20:28:13.683590  5954 solver.cpp:218] Iteration 2340 (0.48125 iter/s, 41.5584s/20 iters), loss = 9.26995
I0926 20:28:13.683774  5954 solver.cpp:237]     Train net output #0: loss = 9.26995 (* 1 = 9.26995 loss)
I0926 20:28:13.683787  5954 sgd_solver.cpp:105] Iteration 2340, lr = 0.001
I0926 20:28:52.865217  5954 solver.cpp:218] Iteration 2360 (0.510458 iter/s, 39.1805s/20 iters), loss = 9.27426
I0926 20:28:52.865340  5954 solver.cpp:237]     Train net output #0: loss = 9.27426 (* 1 = 9.27426 loss)
I0926 20:28:52.865353  5954 sgd_solver.cpp:105] Iteration 2360, lr = 0.001
I0926 20:29:36.566786  5954 solver.cpp:218] Iteration 2380 (0.457662 iter/s, 43.7004s/20 iters), loss = 9.25984
I0926 20:29:36.567122  5954 solver.cpp:237]     Train net output #0: loss = 9.25984 (* 1 = 9.25984 loss)
I0926 20:29:36.567136  5954 sgd_solver.cpp:105] Iteration 2380, lr = 0.001
I0926 20:30:19.457764  5954 solver.cpp:218] Iteration 2400 (0.466313 iter/s, 42.8896s/20 iters), loss = 9.29614
I0926 20:30:19.457967  5954 solver.cpp:237]     Train net output #0: loss = 9.29614 (* 1 = 9.29614 loss)
I0926 20:30:19.457983  5954 sgd_solver.cpp:105] Iteration 2400, lr = 0.001
I0926 20:31:02.353411  5954 solver.cpp:218] Iteration 2420 (0.466261 iter/s, 42.8944s/20 iters), loss = 9.24276
I0926 20:31:02.359501  5954 solver.cpp:237]     Train net output #0: loss = 9.24276 (* 1 = 9.24276 loss)
I0926 20:31:02.359545  5954 sgd_solver.cpp:105] Iteration 2420, lr = 0.001
I0926 20:31:43.133524  5954 solver.cpp:218] Iteration 2440 (0.49052 iter/s, 40.7731s/20 iters), loss = 9.35995
I0926 20:31:43.133658  5954 solver.cpp:237]     Train net output #0: loss = 9.35995 (* 1 = 9.35995 loss)
I0926 20:31:43.133671  5954 sgd_solver.cpp:105] Iteration 2440, lr = 0.001
I0926 20:32:24.469185  5954 solver.cpp:218] Iteration 2460 (0.483857 iter/s, 41.3345s/20 iters), loss = 9.31704
I0926 20:32:24.470918  5954 solver.cpp:237]     Train net output #0: loss = 9.31704 (* 1 = 9.31704 loss)
I0926 20:32:24.470944  5954 sgd_solver.cpp:105] Iteration 2460, lr = 0.001
I0926 20:33:04.417114  5954 solver.cpp:218] Iteration 2480 (0.500685 iter/s, 39.9453s/20 iters), loss = 9.26836
I0926 20:33:04.417248  5954 solver.cpp:237]     Train net output #0: loss = 9.26836 (* 1 = 9.26836 loss)
I0926 20:33:04.417260  5954 sgd_solver.cpp:105] Iteration 2480, lr = 0.001
I0926 20:33:41.201037  5954 solver.cpp:218] Iteration 2500 (0.543731 iter/s, 36.7829s/20 iters), loss = 9.29066
I0926 20:33:41.201174  5954 solver.cpp:237]     Train net output #0: loss = 9.29066 (* 1 = 9.29066 loss)
I0926 20:33:41.201186  5954 sgd_solver.cpp:105] Iteration 2500, lr = 0.001
I0926 20:34:23.004606  5954 solver.cpp:218] Iteration 2520 (0.478441 iter/s, 41.8024s/20 iters), loss = 9.29823
I0926 20:34:23.004741  5954 solver.cpp:237]     Train net output #0: loss = 9.29823 (* 1 = 9.29823 loss)
I0926 20:34:23.004755  5954 sgd_solver.cpp:105] Iteration 2520, lr = 0.001
I0926 20:35:04.752223  5954 solver.cpp:218] Iteration 2540 (0.479082 iter/s, 41.7465s/20 iters), loss = 9.26935
I0926 20:35:04.752357  5954 solver.cpp:237]     Train net output #0: loss = 9.26935 (* 1 = 9.26935 loss)
I0926 20:35:04.752369  5954 sgd_solver.cpp:105] Iteration 2540, lr = 0.001
I0926 20:35:47.687641  5954 solver.cpp:218] Iteration 2560 (0.465829 iter/s, 42.9343s/20 iters), loss = 9.26223
I0926 20:35:47.687790  5954 solver.cpp:237]     Train net output #0: loss = 9.26223 (* 1 = 9.26223 loss)
I0926 20:35:47.687804  5954 sgd_solver.cpp:105] Iteration 2560, lr = 0.001
I0926 20:36:33.099789  5954 solver.cpp:218] Iteration 2580 (0.440423 iter/s, 45.4109s/20 iters), loss = 9.3025
I0926 20:36:33.099931  5954 solver.cpp:237]     Train net output #0: loss = 9.3025 (* 1 = 9.3025 loss)
I0926 20:36:33.099946  5954 sgd_solver.cpp:105] Iteration 2580, lr = 0.001
I0926 20:37:20.137377  5954 solver.cpp:218] Iteration 2600 (0.425203 iter/s, 47.0363s/20 iters), loss = 9.24043
I0926 20:37:20.137650  5954 solver.cpp:237]     Train net output #0: loss = 9.24043 (* 1 = 9.24043 loss)
I0926 20:37:20.137665  5954 sgd_solver.cpp:105] Iteration 2600, lr = 0.001
I0926 20:38:01.515398  5954 solver.cpp:218] Iteration 2620 (0.483364 iter/s, 41.3767s/20 iters), loss = 9.26757
I0926 20:38:01.515566  5954 solver.cpp:237]     Train net output #0: loss = 9.26757 (* 1 = 9.26757 loss)
I0926 20:38:01.515580  5954 sgd_solver.cpp:105] Iteration 2620, lr = 0.001
I0926 20:38:42.938082  5954 solver.cpp:218] Iteration 2640 (0.482841 iter/s, 41.4215s/20 iters), loss = 9.22042
I0926 20:38:42.938917  5954 solver.cpp:237]     Train net output #0: loss = 9.22042 (* 1 = 9.22042 loss)
I0926 20:38:42.938930  5954 sgd_solver.cpp:105] Iteration 2640, lr = 0.001
I0926 20:39:26.475738  5954 solver.cpp:218] Iteration 2660 (0.459392 iter/s, 43.5358s/20 iters), loss = 9.30664
I0926 20:39:26.476104  5954 solver.cpp:237]     Train net output #0: loss = 9.30664 (* 1 = 9.30664 loss)
I0926 20:39:26.476116  5954 sgd_solver.cpp:105] Iteration 2660, lr = 0.001
I0926 20:40:08.604277  5954 solver.cpp:218] Iteration 2680 (0.474753 iter/s, 42.1272s/20 iters), loss = 9.19012
I0926 20:40:08.604740  5954 solver.cpp:237]     Train net output #0: loss = 9.19012 (* 1 = 9.19012 loss)
I0926 20:40:08.604754  5954 sgd_solver.cpp:105] Iteration 2680, lr = 0.001
I0926 20:40:53.763607  5954 solver.cpp:218] Iteration 2700 (0.442892 iter/s, 45.1578s/20 iters), loss = 9.27953
I0926 20:40:53.763945  5954 solver.cpp:237]     Train net output #0: loss = 9.27953 (* 1 = 9.27953 loss)
I0926 20:40:53.763959  5954 sgd_solver.cpp:105] Iteration 2700, lr = 0.001
I0926 20:41:34.484045  5954 solver.cpp:218] Iteration 2720 (0.49117 iter/s, 40.7191s/20 iters), loss = 9.27963
I0926 20:41:34.490209  5954 solver.cpp:237]     Train net output #0: loss = 9.27963 (* 1 = 9.27963 loss)
I0926 20:41:34.490254  5954 sgd_solver.cpp:105] Iteration 2720, lr = 0.001
I0926 20:42:14.749186  5954 solver.cpp:218] Iteration 2740 (0.496795 iter/s, 40.258s/20 iters), loss = 9.31334
I0926 20:42:14.755331  5954 solver.cpp:237]     Train net output #0: loss = 9.31334 (* 1 = 9.31334 loss)
I0926 20:42:14.755376  5954 sgd_solver.cpp:105] Iteration 2740, lr = 0.001
I0926 20:42:55.244429  5954 solver.cpp:218] Iteration 2760 (0.493972 iter/s, 40.4882s/20 iters), loss = 9.22395
I0926 20:42:55.244578  5954 solver.cpp:237]     Train net output #0: loss = 9.22395 (* 1 = 9.22395 loss)
I0926 20:42:55.244591  5954 sgd_solver.cpp:105] Iteration 2760, lr = 0.001
I0926 20:43:38.302590  5954 solver.cpp:218] Iteration 2780 (0.464501 iter/s, 43.057s/20 iters), loss = 9.30301
I0926 20:43:38.302881  5954 solver.cpp:237]     Train net output #0: loss = 9.30301 (* 1 = 9.30301 loss)
I0926 20:43:38.302896  5954 sgd_solver.cpp:105] Iteration 2780, lr = 0.001
I0926 20:44:17.513152  5954 solver.cpp:218] Iteration 2800 (0.510083 iter/s, 39.2093s/20 iters), loss = 9.2613
I0926 20:44:17.515744  5954 solver.cpp:237]     Train net output #0: loss = 9.2613 (* 1 = 9.2613 loss)
I0926 20:44:17.515769  5954 sgd_solver.cpp:105] Iteration 2800, lr = 0.001
I0926 20:45:01.949808  5954 solver.cpp:218] Iteration 2820 (0.450116 iter/s, 44.433s/20 iters), loss = 9.29129
I0926 20:45:01.949956  5954 solver.cpp:237]     Train net output #0: loss = 9.29129 (* 1 = 9.29129 loss)
I0926 20:45:01.949970  5954 sgd_solver.cpp:105] Iteration 2820, lr = 0.001
I0926 20:45:39.617606  5954 solver.cpp:218] Iteration 2840 (0.530972 iter/s, 37.6667s/20 iters), loss = 9.27248
I0926 20:45:39.619153  5954 solver.cpp:237]     Train net output #0: loss = 9.27248 (* 1 = 9.27248 loss)
I0926 20:45:39.619179  5954 sgd_solver.cpp:105] Iteration 2840, lr = 0.001
I0926 20:46:20.983415  5954 solver.cpp:218] Iteration 2860 (0.483521 iter/s, 41.3633s/20 iters), loss = 9.27815
I0926 20:46:20.983548  5954 solver.cpp:237]     Train net output #0: loss = 9.27815 (* 1 = 9.27815 loss)
I0926 20:46:20.983561  5954 sgd_solver.cpp:105] Iteration 2860, lr = 0.001
I0926 20:47:00.518544  5954 solver.cpp:218] Iteration 2880 (0.505893 iter/s, 39.534s/20 iters), loss = 9.27096
I0926 20:47:00.518685  5954 solver.cpp:237]     Train net output #0: loss = 9.27096 (* 1 = 9.27096 loss)
I0926 20:47:00.518699  5954 sgd_solver.cpp:105] Iteration 2880, lr = 0.001
I0926 20:47:38.867183  5954 solver.cpp:218] Iteration 2900 (0.521545 iter/s, 38.3476s/20 iters), loss = 9.27241
I0926 20:47:38.867497  5954 solver.cpp:237]     Train net output #0: loss = 9.27241 (* 1 = 9.27241 loss)
I0926 20:47:38.867511  5954 sgd_solver.cpp:105] Iteration 2900, lr = 0.001
I0926 20:48:22.690088  5954 solver.cpp:218] Iteration 2920 (0.456397 iter/s, 43.8215s/20 iters), loss = 9.27174
I0926 20:48:22.696265  5954 solver.cpp:237]     Train net output #0: loss = 9.27174 (* 1 = 9.27174 loss)
I0926 20:48:22.696312  5954 sgd_solver.cpp:105] Iteration 2920, lr = 0.001
I0926 20:49:02.460428  5954 solver.cpp:218] Iteration 2940 (0.502977 iter/s, 39.7632s/20 iters), loss = 9.27128
I0926 20:49:02.460602  5954 solver.cpp:237]     Train net output #0: loss = 9.27128 (* 1 = 9.27128 loss)
I0926 20:49:02.460614  5954 sgd_solver.cpp:105] Iteration 2940, lr = 0.001
I0926 20:49:42.937738  5954 solver.cpp:218] Iteration 2960 (0.494144 iter/s, 40.474s/20 iters), loss = 9.27164
I0926 20:49:42.938069  5954 solver.cpp:237]     Train net output #0: loss = 9.27164 (* 1 = 9.27164 loss)
I0926 20:49:42.938083  5954 sgd_solver.cpp:105] Iteration 2960, lr = 0.001
I0926 20:50:21.991545  5954 solver.cpp:218] Iteration 2980 (0.512131 iter/s, 39.0525s/20 iters), loss = 9.27105
I0926 20:50:21.991871  5954 solver.cpp:237]     Train net output #0: loss = 9.27105 (* 1 = 9.27105 loss)
I0926 20:50:21.991885  5954 sgd_solver.cpp:105] Iteration 2980, lr = 0.001
I0926 20:51:01.342730  5954 solver.cpp:218] Iteration 3000 (0.50826 iter/s, 39.3499s/20 iters), loss = 9.2712
I0926 20:51:01.342859  5954 solver.cpp:237]     Train net output #0: loss = 9.2712 (* 1 = 9.2712 loss)
I0926 20:51:01.342877  5954 sgd_solver.cpp:105] Iteration 3000, lr = 0.001
I0926 20:51:09.691545  5954 blocking_queue.cpp:49] Waiting for data
I0926 20:51:43.826673  5954 solver.cpp:218] Iteration 3020 (0.470779 iter/s, 42.4828s/20 iters), loss = 9.27209
I0926 20:51:43.826804  5954 solver.cpp:237]     Train net output #0: loss = 9.27209 (* 1 = 9.27209 loss)
I0926 20:51:43.826817  5954 sgd_solver.cpp:105] Iteration 3020, lr = 0.001
I0926 20:52:26.659936  5954 solver.cpp:218] Iteration 3040 (0.46694 iter/s, 42.8321s/20 iters), loss = 9.27171
I0926 20:52:26.660094  5954 solver.cpp:237]     Train net output #0: loss = 9.27171 (* 1 = 9.27171 loss)
I0926 20:52:26.660109  5954 sgd_solver.cpp:105] Iteration 3040, lr = 0.001
I0926 20:53:05.407330  5954 solver.cpp:218] Iteration 3060 (0.516178 iter/s, 38.7463s/20 iters), loss = 9.27091
I0926 20:53:05.407469  5954 solver.cpp:237]     Train net output #0: loss = 9.27091 (* 1 = 9.27091 loss)
I0926 20:53:05.407480  5954 sgd_solver.cpp:105] Iteration 3060, lr = 0.001
I0926 20:53:45.359129  5954 solver.cpp:218] Iteration 3080 (0.500618 iter/s, 39.9507s/20 iters), loss = 9.27094
I0926 20:53:45.365294  5954 solver.cpp:237]     Train net output #0: loss = 9.27094 (* 1 = 9.27094 loss)
I0926 20:53:45.365339  5954 sgd_solver.cpp:105] Iteration 3080, lr = 0.001
I0926 20:54:28.278523  5954 solver.cpp:218] Iteration 3100 (0.466068 iter/s, 42.9122s/20 iters), loss = 9.27136
I0926 20:54:28.278682  5954 solver.cpp:237]     Train net output #0: loss = 9.27136 (* 1 = 9.27136 loss)
I0926 20:54:28.278707  5954 sgd_solver.cpp:105] Iteration 3100, lr = 0.001
I0926 20:55:11.446202  5954 solver.cpp:218] Iteration 3120 (0.463322 iter/s, 43.1665s/20 iters), loss = 9.27107
I0926 20:55:11.446342  5954 solver.cpp:237]     Train net output #0: loss = 9.27107 (* 1 = 9.27107 loss)
I0926 20:55:11.446357  5954 sgd_solver.cpp:105] Iteration 3120, lr = 0.001
I0926 20:55:52.049667  5954 solver.cpp:218] Iteration 3140 (0.492582 iter/s, 40.6023s/20 iters), loss = 9.27213
I0926 20:55:52.049798  5954 solver.cpp:237]     Train net output #0: loss = 9.27213 (* 1 = 9.27213 loss)
I0926 20:55:52.049810  5954 sgd_solver.cpp:105] Iteration 3140, lr = 0.001
I0926 20:56:32.194792  5954 solver.cpp:218] Iteration 3160 (0.498206 iter/s, 40.144s/20 iters), loss = 9.27124
I0926 20:56:32.194960  5954 solver.cpp:237]     Train net output #0: loss = 9.27124 (* 1 = 9.27124 loss)
I0926 20:56:32.194974  5954 sgd_solver.cpp:105] Iteration 3160, lr = 0.001
I0926 20:57:08.810075  5954 solver.cpp:218] Iteration 3180 (0.546236 iter/s, 36.6142s/20 iters), loss = 9.27171
I0926 20:57:08.810189  5954 solver.cpp:237]     Train net output #0: loss = 9.27171 (* 1 = 9.27171 loss)
I0926 20:57:08.810204  5954 sgd_solver.cpp:105] Iteration 3180, lr = 0.001
I0926 20:57:50.745031  5954 solver.cpp:218] Iteration 3200 (0.476942 iter/s, 41.9338s/20 iters), loss = 9.27003
I0926 20:57:50.745158  5954 solver.cpp:237]     Train net output #0: loss = 9.27003 (* 1 = 9.27003 loss)
I0926 20:57:50.745172  5954 sgd_solver.cpp:105] Iteration 3200, lr = 0.001
I0926 20:58:29.933300  5954 solver.cpp:218] Iteration 3220 (0.510282 iter/s, 39.194s/20 iters), loss = 9.27016
I0926 20:58:29.933465  5954 solver.cpp:237]     Train net output #0: loss = 9.27016 (* 1 = 9.27016 loss)
I0926 20:58:29.933480  5954 sgd_solver.cpp:105] Iteration 3220, lr = 0.001
I0926 20:59:08.870221  5954 solver.cpp:218] Iteration 3240 (0.51357 iter/s, 38.9431s/20 iters), loss = 9.26921
I0926 20:59:08.870383  5954 solver.cpp:237]     Train net output #0: loss = 9.26921 (* 1 = 9.26921 loss)
I0926 20:59:08.870400  5954 sgd_solver.cpp:105] Iteration 3240, lr = 0.001
I0926 20:59:49.523759  5954 solver.cpp:218] Iteration 3260 (0.49189 iter/s, 40.6595s/20 iters), loss = 9.27427
I0926 20:59:49.524305  5954 solver.cpp:237]     Train net output #0: loss = 9.27427 (* 1 = 9.27427 loss)
I0926 20:59:49.524329  5954 sgd_solver.cpp:105] Iteration 3260, lr = 0.001
I0926 21:00:28.600833  5954 solver.cpp:218] Iteration 3280 (0.511744 iter/s, 39.082s/20 iters), loss = 9.28725
I0926 21:00:28.600996  5954 solver.cpp:237]     Train net output #0: loss = 9.28725 (* 1 = 9.28725 loss)
I0926 21:00:28.601012  5954 sgd_solver.cpp:105] Iteration 3280, lr = 0.001
I0926 21:01:06.978924  5954 solver.cpp:218] Iteration 3300 (0.521065 iter/s, 38.3829s/20 iters), loss = 9.28798
I0926 21:01:06.981756  5954 solver.cpp:237]     Train net output #0: loss = 9.28798 (* 1 = 9.28798 loss)
I0926 21:01:06.981781  5954 sgd_solver.cpp:105] Iteration 3300, lr = 0.001
I0926 21:01:47.031433  5954 solver.cpp:218] Iteration 3320 (0.499319 iter/s, 40.0545s/20 iters), loss = 9.27581
I0926 21:01:47.031590  5954 solver.cpp:237]     Train net output #0: loss = 9.27581 (* 1 = 9.27581 loss)
I0926 21:01:47.031605  5954 sgd_solver.cpp:105] Iteration 3320, lr = 0.001
I0926 21:02:27.394228  5954 solver.cpp:218] Iteration 3340 (0.495452 iter/s, 40.3672s/20 iters), loss = 9.25761
I0926 21:02:27.394364  5954 solver.cpp:237]     Train net output #0: loss = 9.25761 (* 1 = 9.25761 loss)
I0926 21:02:27.394377  5954 sgd_solver.cpp:105] Iteration 3340, lr = 0.001
I0926 21:03:06.702039  5954 solver.cpp:218] Iteration 3360 (0.508753 iter/s, 39.3118s/20 iters), loss = 9.26642
I0926 21:03:06.702180  5954 solver.cpp:237]     Train net output #0: loss = 9.26642 (* 1 = 9.26642 loss)
I0926 21:03:06.702194  5954 sgd_solver.cpp:105] Iteration 3360, lr = 0.001
I0926 21:03:46.081987  5954 solver.cpp:218] Iteration 3380 (0.507825 iter/s, 39.3837s/20 iters), loss = 9.28163
I0926 21:03:46.082226  5954 solver.cpp:237]     Train net output #0: loss = 9.28163 (* 1 = 9.28163 loss)
I0926 21:03:46.082239  5954 sgd_solver.cpp:105] Iteration 3380, lr = 0.001
I0926 21:04:28.177281  5954 solver.cpp:218] Iteration 3400 (0.475072 iter/s, 42.0989s/20 iters), loss = 9.28694
I0926 21:04:28.178761  5954 solver.cpp:237]     Train net output #0: loss = 9.28694 (* 1 = 9.28694 loss)
I0926 21:04:28.178786  5954 sgd_solver.cpp:105] Iteration 3400, lr = 0.001
I0926 21:05:06.111235  5954 solver.cpp:218] Iteration 3420 (0.527208 iter/s, 37.9357s/20 iters), loss = 9.32777
I0926 21:05:06.111402  5954 solver.cpp:237]     Train net output #0: loss = 9.32777 (* 1 = 9.32777 loss)
I0926 21:05:06.111418  5954 sgd_solver.cpp:105] Iteration 3420, lr = 0.001
I0926 21:05:44.628705  5954 solver.cpp:218] Iteration 3440 (0.519206 iter/s, 38.5203s/20 iters), loss = 9.27208
I0926 21:05:44.635444  5954 solver.cpp:237]     Train net output #0: loss = 9.27208 (* 1 = 9.27208 loss)
I0926 21:05:44.635468  5954 sgd_solver.cpp:105] Iteration 3440, lr = 0.001
I0926 21:06:25.518352  5954 solver.cpp:218] Iteration 3460 (0.489166 iter/s, 40.8859s/20 iters), loss = 9.27282
I0926 21:06:25.518512  5954 solver.cpp:237]     Train net output #0: loss = 9.27282 (* 1 = 9.27282 loss)
I0926 21:06:25.518530  5954 sgd_solver.cpp:105] Iteration 3460, lr = 0.001
I0926 21:07:05.066817  5954 solver.cpp:218] Iteration 3480 (0.505676 iter/s, 39.551s/20 iters), loss = 9.27234
I0926 21:07:05.066956  5954 solver.cpp:237]     Train net output #0: loss = 9.27234 (* 1 = 9.27234 loss)
I0926 21:07:05.066969  5954 sgd_solver.cpp:105] Iteration 3480, lr = 0.001
I0926 21:07:46.454427  5954 solver.cpp:218] Iteration 3500 (0.483207 iter/s, 41.3901s/20 iters), loss = 9.27281
I0926 21:07:46.454545  5954 solver.cpp:237]     Train net output #0: loss = 9.27281 (* 1 = 9.27281 loss)
I0926 21:07:46.454556  5954 sgd_solver.cpp:105] Iteration 3500, lr = 0.001
I0926 21:08:26.230021  5954 solver.cpp:218] Iteration 3520 (0.502793 iter/s, 39.7778s/20 iters), loss = 9.27346
I0926 21:08:26.236158  5954 solver.cpp:237]     Train net output #0: loss = 9.27346 (* 1 = 9.27346 loss)
I0926 21:08:26.236202  5954 sgd_solver.cpp:105] Iteration 3520, lr = 0.001
I0926 21:09:07.930101  5954 solver.cpp:218] Iteration 3540 (0.479659 iter/s, 41.6963s/20 iters), loss = 9.27335
I0926 21:09:07.930248  5954 solver.cpp:237]     Train net output #0: loss = 9.27335 (* 1 = 9.27335 loss)
I0926 21:09:07.930263  5954 sgd_solver.cpp:105] Iteration 3540, lr = 0.001
I0926 21:09:49.284319  5954 solver.cpp:218] Iteration 3560 (0.483603 iter/s, 41.3562s/20 iters), loss = 9.27273
I0926 21:09:49.284692  5954 solver.cpp:237]     Train net output #0: loss = 9.27273 (* 1 = 9.27273 loss)
I0926 21:09:49.284708  5954 sgd_solver.cpp:105] Iteration 3560, lr = 0.001
I0926 21:10:27.812153  5954 solver.cpp:218] Iteration 3580 (0.519085 iter/s, 38.5293s/20 iters), loss = 9.27345
I0926 21:10:27.812608  5954 solver.cpp:237]     Train net output #0: loss = 9.27345 (* 1 = 9.27345 loss)
I0926 21:10:27.812623  5954 sgd_solver.cpp:105] Iteration 3580, lr = 0.001
I0926 21:11:08.311836  5954 solver.cpp:218] Iteration 3600 (0.493814 iter/s, 40.5011s/20 iters), loss = 9.27262
I0926 21:11:08.311996  5954 solver.cpp:237]     Train net output #0: loss = 9.27262 (* 1 = 9.27262 loss)
I0926 21:11:08.312011  5954 sgd_solver.cpp:105] Iteration 3600, lr = 0.001
I0926 21:11:49.633460  5954 solver.cpp:218] Iteration 3620 (0.483989 iter/s, 41.3232s/20 iters), loss = 9.27223
I0926 21:11:49.633602  5954 solver.cpp:237]     Train net output #0: loss = 9.27223 (* 1 = 9.27223 loss)
I0926 21:11:49.633615  5954 sgd_solver.cpp:105] Iteration 3620, lr = 0.001
I0926 21:12:32.090317  5954 solver.cpp:218] Iteration 3640 (0.471049 iter/s, 42.4584s/20 iters), loss = 9.27303
I0926 21:12:32.090461  5954 solver.cpp:237]     Train net output #0: loss = 9.27303 (* 1 = 9.27303 loss)
I0926 21:12:32.090474  5954 sgd_solver.cpp:105] Iteration 3640, lr = 0.001
I0926 21:13:12.830524  5954 solver.cpp:218] Iteration 3660 (0.490899 iter/s, 40.7416s/20 iters), loss = 9.27141
I0926 21:13:12.830723  5954 solver.cpp:237]     Train net output #0: loss = 9.27141 (* 1 = 9.27141 loss)
I0926 21:13:12.830739  5954 sgd_solver.cpp:105] Iteration 3660, lr = 0.001
I0926 21:13:52.262373  5954 solver.cpp:218] Iteration 3680 (0.507215 iter/s, 39.431s/20 iters), loss = 9.27719
I0926 21:13:52.268473  5954 solver.cpp:237]     Train net output #0: loss = 9.27719 (* 1 = 9.27719 loss)
I0926 21:13:52.268522  5954 sgd_solver.cpp:105] Iteration 3680, lr = 0.001
I0926 21:14:33.434497  5954 solver.cpp:218] Iteration 3700 (0.485821 iter/s, 41.1674s/20 iters), loss = 9.27507
I0926 21:14:33.434648  5954 solver.cpp:237]     Train net output #0: loss = 9.27507 (* 1 = 9.27507 loss)
I0926 21:14:33.434662  5954 sgd_solver.cpp:105] Iteration 3700, lr = 0.001
I0926 21:15:13.388593  5954 solver.cpp:218] Iteration 3720 (0.500561 iter/s, 39.9552s/20 iters), loss = 9.27265
I0926 21:15:13.394678  5954 solver.cpp:237]     Train net output #0: loss = 9.27265 (* 1 = 9.27265 loss)
I0926 21:15:13.394726  5954 sgd_solver.cpp:105] Iteration 3720, lr = 0.001
I0926 21:15:52.053606  5954 solver.cpp:218] Iteration 3740 (0.517329 iter/s, 38.6601s/20 iters), loss = 9.27262
I0926 21:15:52.053771  5954 solver.cpp:237]     Train net output #0: loss = 9.27262 (* 1 = 9.27262 loss)
I0926 21:15:52.053784  5954 sgd_solver.cpp:105] Iteration 3740, lr = 0.001
I0926 21:16:30.905061  5954 solver.cpp:218] Iteration 3760 (0.514769 iter/s, 38.8524s/20 iters), loss = 9.27281
I0926 21:16:30.905223  5954 solver.cpp:237]     Train net output #0: loss = 9.27281 (* 1 = 9.27281 loss)
I0926 21:16:30.905236  5954 sgd_solver.cpp:105] Iteration 3760, lr = 0.001
I0926 21:17:12.974970  5954 solver.cpp:218] Iteration 3780 (0.475389 iter/s, 42.0708s/20 iters), loss = 9.27293
I0926 21:17:12.981556  5954 solver.cpp:237]     Train net output #0: loss = 9.27293 (* 1 = 9.27293 loss)
I0926 21:17:12.981611  5954 sgd_solver.cpp:105] Iteration 3780, lr = 0.001
I0926 21:17:53.109141  5954 solver.cpp:218] Iteration 3800 (0.498397 iter/s, 40.1286s/20 iters), loss = 9.27296
I0926 21:17:53.109781  5954 solver.cpp:237]     Train net output #0: loss = 9.27296 (* 1 = 9.27296 loss)
I0926 21:17:53.109807  5954 sgd_solver.cpp:105] Iteration 3800, lr = 0.001
I0926 21:18:33.089404  5954 solver.cpp:218] Iteration 3820 (0.500243 iter/s, 39.9806s/20 iters), loss = 9.27307
I0926 21:18:33.089751  5954 solver.cpp:237]     Train net output #0: loss = 9.27307 (* 1 = 9.27307 loss)
I0926 21:18:33.089774  5954 sgd_solver.cpp:105] Iteration 3820, lr = 0.001
I0926 21:19:13.682981  5954 solver.cpp:218] Iteration 3840 (0.492682 iter/s, 40.5941s/20 iters), loss = 9.27335
I0926 21:19:13.683151  5954 solver.cpp:237]     Train net output #0: loss = 9.27335 (* 1 = 9.27335 loss)
I0926 21:19:13.683171  5954 sgd_solver.cpp:105] Iteration 3840, lr = 0.001
I0926 21:19:55.427788  5954 solver.cpp:218] Iteration 3860 (0.479093 iter/s, 41.7455s/20 iters), loss = 9.27371
I0926 21:19:55.427945  5954 solver.cpp:237]     Train net output #0: loss = 9.27371 (* 1 = 9.27371 loss)
I0926 21:19:55.427959  5954 sgd_solver.cpp:105] Iteration 3860, lr = 0.001
I0926 21:19:58.268694  5959 data_layer.cpp:73] Restarting data prefetching from start.
I0926 21:20:18.329319  5954 solver.cpp:218] Iteration 3880 (0.873293 iter/s, 22.9018s/20 iters), loss = 9.25961
I0926 21:20:18.329429  5954 solver.cpp:237]     Train net output #0: loss = 9.25961 (* 1 = 9.25961 loss)
I0926 21:20:18.329445  5954 sgd_solver.cpp:105] Iteration 3880, lr = 0.001
I0926 21:20:39.494315  5954 solver.cpp:218] Iteration 3900 (0.944943 iter/s, 21.1653s/20 iters), loss = 9.24458
I0926 21:20:39.494444  5954 solver.cpp:237]     Train net output #0: loss = 9.24458 (* 1 = 9.24458 loss)
I0926 21:20:39.494457  5954 sgd_solver.cpp:105] Iteration 3900, lr = 0.001
I0926 21:21:08.914230  5954 solver.cpp:218] Iteration 3920 (0.679802 iter/s, 29.4203s/20 iters), loss = 9.22744
I0926 21:21:08.920349  5954 solver.cpp:237]     Train net output #0: loss = 9.22744 (* 1 = 9.22744 loss)
I0926 21:21:08.920395  5954 sgd_solver.cpp:105] Iteration 3920, lr = 0.001
I0926 21:21:54.104740  5954 solver.cpp:218] Iteration 3940 (0.442622 iter/s, 45.1853s/20 iters), loss = 9.17568
I0926 21:21:54.104876  5954 solver.cpp:237]     Train net output #0: loss = 9.17568 (* 1 = 9.17568 loss)
I0926 21:21:54.104889  5954 sgd_solver.cpp:105] Iteration 3940, lr = 0.001
I0926 21:22:37.818949  5954 solver.cpp:218] Iteration 3960 (0.457511 iter/s, 43.7148s/20 iters), loss = 9.22418
I0926 21:22:37.819103  5954 solver.cpp:237]     Train net output #0: loss = 9.22418 (* 1 = 9.22418 loss)
I0926 21:22:37.819123  5954 sgd_solver.cpp:105] Iteration 3960, lr = 0.001
I0926 21:23:30.164958  5954 solver.cpp:218] Iteration 3980 (0.382068 iter/s, 52.3467s/20 iters), loss = 8.44814
I0926 21:23:30.165107  5954 solver.cpp:237]     Train net output #0: loss = 8.44814 (* 1 = 8.44814 loss)
I0926 21:23:30.165122  5954 sgd_solver.cpp:105] Iteration 3980, lr = 0.001
I0926 21:24:13.227349  5954 solver.cpp:218] Iteration 4000 (0.464437 iter/s, 43.0629s/20 iters), loss = 8.44786
I0926 21:24:13.227521  5954 solver.cpp:237]     Train net output #0: loss = 8.44786 (* 1 = 8.44786 loss)
I0926 21:24:13.227540  5954 sgd_solver.cpp:105] Iteration 4000, lr = 0.001
I0926 21:24:24.231981  5954 blocking_queue.cpp:49] Waiting for data
I0926 21:24:57.835383  5954 solver.cpp:218] Iteration 4020 (0.448345 iter/s, 44.6085s/20 iters), loss = 8.45883
I0926 21:24:57.835541  5954 solver.cpp:237]     Train net output #0: loss = 8.45883 (* 1 = 8.45883 loss)
I0926 21:24:57.835556  5954 sgd_solver.cpp:105] Iteration 4020, lr = 0.001
I0926 21:25:40.068375  5954 solver.cpp:218] Iteration 4040 (0.473558 iter/s, 42.2334s/20 iters), loss = 11.0973
I0926 21:25:40.068501  5954 solver.cpp:237]     Train net output #0: loss = 11.0973 (* 1 = 11.0973 loss)
I0926 21:25:40.068514  5954 sgd_solver.cpp:105] Iteration 4040, lr = 0.001
I0926 21:26:23.372203  5954 solver.cpp:218] Iteration 4060 (0.461848 iter/s, 43.3043s/20 iters), loss = 9.50761
I0926 21:26:23.378228  5954 solver.cpp:237]     Train net output #0: loss = 9.50761 (* 1 = 9.50761 loss)
I0926 21:26:23.378243  5954 sgd_solver.cpp:105] Iteration 4060, lr = 0.001
I0926 21:27:09.049598  5954 solver.cpp:218] Iteration 4080 (0.437905 iter/s, 45.672s/20 iters), loss = 8.35527
I0926 21:27:09.055729  5954 solver.cpp:237]     Train net output #0: loss = 8.35527 (* 1 = 8.35527 loss)
I0926 21:27:09.055773  5954 sgd_solver.cpp:105] Iteration 4080, lr = 0.001
I0926 21:27:53.636633  5954 solver.cpp:218] Iteration 4100 (0.448616 iter/s, 44.5815s/20 iters), loss = 8.06439
I0926 21:27:53.636816  5954 solver.cpp:237]     Train net output #0: loss = 8.06439 (* 1 = 8.06439 loss)
I0926 21:27:53.636829  5954 sgd_solver.cpp:105] Iteration 4100, lr = 0.001
I0926 21:28:35.597015  5954 solver.cpp:218] Iteration 4120 (0.476636 iter/s, 41.9607s/20 iters), loss = 8.55492
I0926 21:28:35.597133  5954 solver.cpp:237]     Train net output #0: loss = 8.55492 (* 1 = 8.55492 loss)
I0926 21:28:35.597146  5954 sgd_solver.cpp:105] Iteration 4120, lr = 0.001
I0926 21:29:16.581305  5954 solver.cpp:218] Iteration 4140 (0.487987 iter/s, 40.9847s/20 iters), loss = 9.26151
I0926 21:29:16.582203  5954 solver.cpp:237]     Train net output #0: loss = 9.26151 (* 1 = 9.26151 loss)
I0926 21:29:16.582217  5954 sgd_solver.cpp:105] Iteration 4140, lr = 0.001
I0926 21:29:56.895851  5954 solver.cpp:218] Iteration 4160 (0.496104 iter/s, 40.3141s/20 iters), loss = 9.33508
I0926 21:29:56.896009  5954 solver.cpp:237]     Train net output #0: loss = 9.33508 (* 1 = 9.33508 loss)
I0926 21:29:56.896023  5954 sgd_solver.cpp:105] Iteration 4160, lr = 0.001
I0926 21:30:37.832093  5954 solver.cpp:218] Iteration 4180 (0.488561 iter/s, 40.9365s/20 iters), loss = 8.20475
I0926 21:30:37.838385  5954 solver.cpp:237]     Train net output #0: loss = 8.20475 (* 1 = 8.20475 loss)
I0926 21:30:37.838433  5954 sgd_solver.cpp:105] Iteration 4180, lr = 0.001
I0926 21:31:22.124462  5954 solver.cpp:218] Iteration 4200 (0.451604 iter/s, 44.2866s/20 iters), loss = 8.38024
I0926 21:31:22.127286  5954 solver.cpp:237]     Train net output #0: loss = 8.38024 (* 1 = 8.38024 loss)
I0926 21:31:22.127312  5954 sgd_solver.cpp:105] Iteration 4200, lr = 0.001
I0926 21:32:03.480767  5954 solver.cpp:218] Iteration 4220 (0.48363 iter/s, 41.3539s/20 iters), loss = 7.54267
I0926 21:32:03.483767  5954 solver.cpp:237]     Train net output #0: loss = 7.54267 (* 1 = 7.54267 loss)
I0926 21:32:03.483788  5954 sgd_solver.cpp:105] Iteration 4220, lr = 0.001
I0926 21:32:43.864971  5954 solver.cpp:218] Iteration 4240 (0.495301 iter/s, 40.3795s/20 iters), loss = 9.82704
I0926 21:32:43.870998  5954 solver.cpp:237]     Train net output #0: loss = 9.82704 (* 1 = 9.82704 loss)
I0926 21:32:43.871013  5954 sgd_solver.cpp:105] Iteration 4240, lr = 0.001
I0926 21:33:26.019439  5954 solver.cpp:218] Iteration 4260 (0.474532 iter/s, 42.1468s/20 iters), loss = 8.1112
I0926 21:33:26.025563  5954 solver.cpp:237]     Train net output #0: loss = 8.1112 (* 1 = 8.1112 loss)
I0926 21:33:26.025609  5954 sgd_solver.cpp:105] Iteration 4260, lr = 0.001
I0926 21:34:07.385121  5954 solver.cpp:218] Iteration 4280 (0.483581 iter/s, 41.3581s/20 iters), loss = 6.88331
I0926 21:34:07.385290  5954 solver.cpp:237]     Train net output #0: loss = 6.88331 (* 1 = 6.88331 loss)
I0926 21:34:07.385310  5954 sgd_solver.cpp:105] Iteration 4280, lr = 0.001
I0926 21:34:52.285172  5954 solver.cpp:218] Iteration 4300 (0.44545 iter/s, 44.8984s/20 iters), loss = 8.72505
I0926 21:34:52.291294  5954 solver.cpp:237]     Train net output #0: loss = 8.72505 (* 1 = 8.72505 loss)
I0926 21:34:52.291334  5954 sgd_solver.cpp:105] Iteration 4300, lr = 0.001
I0926 21:35:31.916244  5954 solver.cpp:218] Iteration 4320 (0.504747 iter/s, 39.6238s/20 iters), loss = 7.17331
I0926 21:35:31.916381  5954 solver.cpp:237]     Train net output #0: loss = 7.17331 (* 1 = 7.17331 loss)
I0926 21:35:31.916394  5954 sgd_solver.cpp:105] Iteration 4320, lr = 0.001
I0926 21:36:16.900831  5954 solver.cpp:218] Iteration 4340 (0.444631 iter/s, 44.9811s/20 iters), loss = 9.23441
I0926 21:36:16.900955  5954 solver.cpp:237]     Train net output #0: loss = 9.23441 (* 1 = 9.23441 loss)
I0926 21:36:16.900969  5954 sgd_solver.cpp:105] Iteration 4340, lr = 0.001
I0926 21:36:57.985066  5954 solver.cpp:218] Iteration 4360 (0.486818 iter/s, 41.0831s/20 iters), loss = 8.90451
I0926 21:36:57.985203  5954 solver.cpp:237]     Train net output #0: loss = 8.90451 (* 1 = 8.90451 loss)
I0926 21:36:57.985215  5954 sgd_solver.cpp:105] Iteration 4360, lr = 0.001
I0926 21:37:37.885411  5954 solver.cpp:218] Iteration 4380 (0.501262 iter/s, 39.8993s/20 iters), loss = 9.0208
I0926 21:37:37.891549  5954 solver.cpp:237]     Train net output #0: loss = 9.0208 (* 1 = 9.0208 loss)
I0926 21:37:37.891595  5954 sgd_solver.cpp:105] Iteration 4380, lr = 0.001
I0926 21:38:20.861207  5954 solver.cpp:218] Iteration 4400 (0.465454 iter/s, 42.9688s/20 iters), loss = 9.06598
I0926 21:38:20.867337  5954 solver.cpp:237]     Train net output #0: loss = 9.06598 (* 1 = 9.06598 loss)
I0926 21:38:20.867380  5954 sgd_solver.cpp:105] Iteration 4400, lr = 0.001
I0926 21:39:06.128062  5954 solver.cpp:218] Iteration 4420 (0.441892 iter/s, 45.2599s/20 iters), loss = 9.0803
I0926 21:39:06.128187  5954 solver.cpp:237]     Train net output #0: loss = 9.0803 (* 1 = 9.0803 loss)
I0926 21:39:06.128201  5954 sgd_solver.cpp:105] Iteration 4420, lr = 0.001
I0926 21:39:52.929481  5954 solver.cpp:218] Iteration 4440 (0.427352 iter/s, 46.7999s/20 iters), loss = 5.52483
I0926 21:39:52.929625  5954 solver.cpp:237]     Train net output #0: loss = 5.52483 (* 1 = 5.52483 loss)
I0926 21:39:52.929638  5954 sgd_solver.cpp:105] Iteration 4440, lr = 0.001
I0926 21:40:34.531150  5954 solver.cpp:218] Iteration 4460 (0.48076 iter/s, 41.6008s/20 iters), loss = 8.76795
I0926 21:40:34.531297  5954 solver.cpp:237]     Train net output #0: loss = 8.76795 (* 1 = 8.76795 loss)
I0926 21:40:34.531311  5954 sgd_solver.cpp:105] Iteration 4460, lr = 0.001
I0926 21:41:15.209231  5954 solver.cpp:218] Iteration 4480 (0.491674 iter/s, 40.6774s/20 iters), loss = 9.04945
I0926 21:41:15.209378  5954 solver.cpp:237]     Train net output #0: loss = 9.04945 (* 1 = 9.04945 loss)
I0926 21:41:15.209394  5954 sgd_solver.cpp:105] Iteration 4480, lr = 0.001
I0926 21:41:56.344796  5954 solver.cpp:218] Iteration 4500 (0.486205 iter/s, 41.1349s/20 iters), loss = 8.87742
I0926 21:41:56.344941  5954 solver.cpp:237]     Train net output #0: loss = 8.87742 (* 1 = 8.87742 loss)
I0926 21:41:56.344957  5954 sgd_solver.cpp:105] Iteration 4500, lr = 0.001
I0926 21:42:41.997994  5954 solver.cpp:218] Iteration 4520 (0.438092 iter/s, 45.6525s/20 iters), loss = 9.13305
I0926 21:42:41.998121  5954 solver.cpp:237]     Train net output #0: loss = 9.13305 (* 1 = 9.13305 loss)
I0926 21:42:41.998136  5954 sgd_solver.cpp:105] Iteration 4520, lr = 0.001
I0926 21:43:27.126873  5954 solver.cpp:218] Iteration 4540 (0.443181 iter/s, 45.1282s/20 iters), loss = 7.4949
I0926 21:43:27.127143  5954 solver.cpp:237]     Train net output #0: loss = 7.4949 (* 1 = 7.4949 loss)
I0926 21:43:27.127161  5954 sgd_solver.cpp:105] Iteration 4540, lr = 0.001
I0926 21:44:06.230530  5954 solver.cpp:218] Iteration 4560 (0.511496 iter/s, 39.101s/20 iters), loss = 8.87748
I0926 21:44:06.230792  5954 solver.cpp:237]     Train net output #0: loss = 8.87748 (* 1 = 8.87748 loss)
I0926 21:44:06.230810  5954 sgd_solver.cpp:105] Iteration 4560, lr = 0.001
I0926 21:44:45.561842  5954 solver.cpp:218] Iteration 4580 (0.508509 iter/s, 39.3307s/20 iters), loss = 8.45437
I0926 21:44:45.561966  5954 solver.cpp:237]     Train net output #0: loss = 8.45437 (* 1 = 8.45437 loss)
I0926 21:44:45.561980  5954 sgd_solver.cpp:105] Iteration 4580, lr = 0.001
I0926 21:45:25.212183  5954 solver.cpp:218] Iteration 4600 (0.504415 iter/s, 39.6499s/20 iters), loss = 8.01571
I0926 21:45:25.214480  5954 solver.cpp:237]     Train net output #0: loss = 8.01571 (* 1 = 8.01571 loss)
I0926 21:45:25.214505  5954 sgd_solver.cpp:105] Iteration 4600, lr = 0.001
I0926 21:46:06.965018  5954 solver.cpp:218] Iteration 4620 (0.479039 iter/s, 41.7503s/20 iters), loss = 8.52582
I0926 21:46:06.965167  5954 solver.cpp:237]     Train net output #0: loss = 8.52582 (* 1 = 8.52582 loss)
I0926 21:46:06.965179  5954 sgd_solver.cpp:105] Iteration 4620, lr = 0.001
I0926 21:46:51.732334  5954 solver.cpp:218] Iteration 4640 (0.446759 iter/s, 44.7669s/20 iters), loss = 9.3159
I0926 21:46:51.732447  5954 solver.cpp:237]     Train net output #0: loss = 9.3159 (* 1 = 9.3159 loss)
I0926 21:46:51.732460  5954 sgd_solver.cpp:105] Iteration 4640, lr = 0.001
I0926 21:47:36.061385  5954 solver.cpp:218] Iteration 4660 (0.451175 iter/s, 44.3287s/20 iters), loss = 7.86795
I0926 21:47:36.061841  5954 solver.cpp:237]     Train net output #0: loss = 7.86795 (* 1 = 7.86795 loss)
I0926 21:47:36.061854  5954 sgd_solver.cpp:105] Iteration 4660, lr = 0.001
I0926 21:48:18.377250  5954 solver.cpp:218] Iteration 4680 (0.472643 iter/s, 42.3152s/20 iters), loss = 8.96243
I0926 21:48:18.377398  5954 solver.cpp:237]     Train net output #0: loss = 8.96243 (* 1 = 8.96243 loss)
I0926 21:48:18.377415  5954 sgd_solver.cpp:105] Iteration 4680, lr = 0.001
I0926 21:49:00.622762  5954 solver.cpp:218] Iteration 4700 (0.473427 iter/s, 42.2452s/20 iters), loss = 9.33958
I0926 21:49:00.622900  5954 solver.cpp:237]     Train net output #0: loss = 9.33958 (* 1 = 9.33958 loss)
I0926 21:49:00.622912  5954 sgd_solver.cpp:105] Iteration 4700, lr = 0.001
I0926 21:49:47.386330  5954 solver.cpp:218] Iteration 4720 (0.427686 iter/s, 46.7632s/20 iters), loss = 9.66373
I0926 21:49:47.386466  5954 solver.cpp:237]     Train net output #0: loss = 9.66373 (* 1 = 9.66373 loss)
I0926 21:49:47.386479  5954 sgd_solver.cpp:105] Iteration 4720, lr = 0.001
I0926 21:50:27.105780  5954 solver.cpp:218] Iteration 4740 (0.503535 iter/s, 39.7192s/20 iters), loss = 9.11637
I0926 21:50:27.105938  5954 solver.cpp:237]     Train net output #0: loss = 9.11637 (* 1 = 9.11637 loss)
I0926 21:50:27.105957  5954 sgd_solver.cpp:105] Iteration 4740, lr = 0.001
I0926 21:51:08.653524  5954 solver.cpp:218] Iteration 4760 (0.481377 iter/s, 41.5475s/20 iters), loss = 7.16794
I0926 21:51:08.653666  5954 solver.cpp:237]     Train net output #0: loss = 7.16794 (* 1 = 7.16794 loss)
I0926 21:51:08.653682  5954 sgd_solver.cpp:105] Iteration 4760, lr = 0.001
I0926 21:51:47.048724  5954 solver.cpp:218] Iteration 4780 (0.520902 iter/s, 38.3949s/20 iters), loss = 8.88086
I0926 21:51:47.048861  5954 solver.cpp:237]     Train net output #0: loss = 8.88086 (* 1 = 8.88086 loss)
I0926 21:51:47.048876  5954 sgd_solver.cpp:105] Iteration 4780, lr = 0.001
I0926 21:52:26.639515  5954 solver.cpp:218] Iteration 4800 (0.505171 iter/s, 39.5905s/20 iters), loss = 8.53466
I0926 21:52:26.639839  5954 solver.cpp:237]     Train net output #0: loss = 8.53466 (* 1 = 8.53466 loss)
I0926 21:52:26.639858  5954 sgd_solver.cpp:105] Iteration 4800, lr = 0.001
I0926 21:53:07.321401  5954 solver.cpp:218] Iteration 4820 (0.491631 iter/s, 40.681s/20 iters), loss = 8.81271
I0926 21:53:07.321549  5954 solver.cpp:237]     Train net output #0: loss = 8.81271 (* 1 = 8.81271 loss)
I0926 21:53:07.321563  5954 sgd_solver.cpp:105] Iteration 4820, lr = 0.001
I0926 21:53:50.506970  5954 solver.cpp:218] Iteration 4840 (0.463166 iter/s, 43.181s/20 iters), loss = 9.44777
I0926 21:53:50.507647  5954 solver.cpp:237]     Train net output #0: loss = 9.44777 (* 1 = 9.44777 loss)
I0926 21:53:50.507665  5954 sgd_solver.cpp:105] Iteration 4840, lr = 0.001
I0926 21:54:31.345299  5954 solver.cpp:218] Iteration 4860 (0.489745 iter/s, 40.8376s/20 iters), loss = 9.21236
I0926 21:54:31.345425  5954 solver.cpp:237]     Train net output #0: loss = 9.21236 (* 1 = 9.21236 loss)
I0926 21:54:31.345438  5954 sgd_solver.cpp:105] Iteration 4860, lr = 0.001
I0926 21:55:10.171519  5954 solver.cpp:218] Iteration 4880 (0.515118 iter/s, 38.826s/20 iters), loss = 9.26238
I0926 21:55:10.172407  5954 solver.cpp:237]     Train net output #0: loss = 9.26238 (* 1 = 9.26238 loss)
I0926 21:55:10.172479  5954 sgd_solver.cpp:105] Iteration 4880, lr = 0.001
I0926 21:55:53.620632  5954 solver.cpp:218] Iteration 4900 (0.460318 iter/s, 43.4482s/20 iters), loss = 9.31515
I0926 21:55:53.620954  5954 solver.cpp:237]     Train net output #0: loss = 9.31515 (* 1 = 9.31515 loss)
I0926 21:55:53.620988  5954 sgd_solver.cpp:105] Iteration 4900, lr = 0.001
I0926 21:56:32.238884  5954 solver.cpp:218] Iteration 4920 (0.517895 iter/s, 38.6179s/20 iters), loss = 9.34331
I0926 21:56:32.239367  5954 solver.cpp:237]     Train net output #0: loss = 9.34331 (* 1 = 9.34331 loss)
I0926 21:56:32.239379  5954 sgd_solver.cpp:105] Iteration 4920, lr = 0.001
I0926 21:57:10.468936  5954 solver.cpp:218] Iteration 4940 (0.523156 iter/s, 38.2295s/20 iters), loss = 9.26521
I0926 21:57:10.475162  5954 solver.cpp:237]     Train net output #0: loss = 9.26521 (* 1 = 9.26521 loss)
I0926 21:57:10.475213  5954 sgd_solver.cpp:105] Iteration 4940, lr = 0.001
I0926 21:57:48.701465  5954 solver.cpp:218] Iteration 4960 (0.5232 iter/s, 38.2263s/20 iters), loss = 9.02689
I0926 21:57:48.701604  5954 solver.cpp:237]     Train net output #0: loss = 9.02689 (* 1 = 9.02689 loss)
I0926 21:57:48.701639  5954 sgd_solver.cpp:105] Iteration 4960, lr = 0.001
I0926 21:58:31.760412  5954 solver.cpp:218] Iteration 4980 (0.464481 iter/s, 43.0588s/20 iters), loss = 9.45705
I0926 21:58:31.760540  5954 solver.cpp:237]     Train net output #0: loss = 9.45705 (* 1 = 9.45705 loss)
I0926 21:58:31.760555  5954 sgd_solver.cpp:105] Iteration 4980, lr = 0.001
I0926 21:59:11.149153  5954 solver.cpp:218] Iteration 5000 (0.507761 iter/s, 39.3886s/20 iters), loss = 9.25348
I0926 21:59:11.150199  5954 solver.cpp:237]     Train net output #0: loss = 9.25348 (* 1 = 9.25348 loss)
I0926 21:59:11.150219  5954 sgd_solver.cpp:105] Iteration 5000, lr = 0.001
I0926 21:59:19.163434  5954 blocking_queue.cpp:49] Waiting for data
I0926 21:59:50.958803  5954 solver.cpp:218] Iteration 5020 (0.502404 iter/s, 39.8086s/20 iters), loss = 9.10592
I0926 21:59:50.960510  5954 solver.cpp:237]     Train net output #0: loss = 9.10592 (* 1 = 9.10592 loss)
I0926 21:59:50.960566  5954 sgd_solver.cpp:105] Iteration 5020, lr = 0.001
I0926 22:00:36.718629  5954 solver.cpp:218] Iteration 5040 (0.437081 iter/s, 45.7581s/20 iters), loss = 10.0012
I0926 22:00:36.718776  5954 solver.cpp:237]     Train net output #0: loss = 10.0012 (* 1 = 10.0012 loss)
I0926 22:00:36.718791  5954 sgd_solver.cpp:105] Iteration 5040, lr = 0.001
I0926 22:01:19.236783  5954 solver.cpp:218] Iteration 5060 (0.470389 iter/s, 42.518s/20 iters), loss = 8.86096
I0926 22:01:19.236937  5954 solver.cpp:237]     Train net output #0: loss = 8.86096 (* 1 = 8.86096 loss)
I0926 22:01:19.236953  5954 sgd_solver.cpp:105] Iteration 5060, lr = 0.001
I0926 22:02:00.969882  5954 solver.cpp:218] Iteration 5080 (0.479237 iter/s, 41.733s/20 iters), loss = 8.07703
I0926 22:02:00.970032  5954 solver.cpp:237]     Train net output #0: loss = 8.07703 (* 1 = 8.07703 loss)
I0926 22:02:00.970047  5954 sgd_solver.cpp:105] Iteration 5080, lr = 0.001
